<?xml version="1.0" encoding="UTF-8"?>
<robot generator="Robot 7.3.2 (Python 3.13.5 on darwin)" generated="2025-12-23T04:36:31.674080" rpa="false" schemaversion="5">
<suite id="s1" name="Test" source="/Users/hymorrane/projectDSI122/tests/test.robot">
<test id="s1-t1" name="TC-01: Verify search in 'Coffee' category" line="28">
<kw name="Open Browser To Menu Page" type="SETUP">
<kw name="Open Browser" owner="SeleniumLibrary">
<msg time="2025-12-23T04:36:31.850932" level="INFO">Opening browser 'chrome' to base url 'http://localhost:3001/menu-page'.</msg>
<arg>${URL_MENU}</arg>
<arg>${BROWSER}</arg>
<doc>Opens a new browser instance to the optional ``url``.</doc>
<status status="PASS" start="2025-12-23T04:36:31.850068" elapsed="4.548664"/>
</kw>
<kw name="Maximize Browser Window" owner="SeleniumLibrary">
<doc>Maximizes current browser window.</doc>
<status status="PASS" start="2025-12-23T04:36:36.416071" elapsed="0.356104"/>
</kw>
<kw name="Wait Until Element Is Visible" owner="SeleniumLibrary">
<arg>xpath=//input[@placeholder='Search menu']</arg>
<arg>timeout=10s</arg>
<doc>Waits until the element ``locator`` is visible.</doc>
<status status="PASS" start="2025-12-23T04:36:36.772648" elapsed="0.080227"/>
</kw>
<kw name="Wait Until Element Is Visible" owner="SeleniumLibrary">
<arg>xpath=//h3</arg>
<arg>timeout=10s</arg>
<doc>Waits until the element ``locator`` is visible.</doc>
<status status="PASS" start="2025-12-23T04:36:36.853231" elapsed="0.986748"/>
</kw>
<status status="PASS" start="2025-12-23T04:36:31.848651" elapsed="5.991595"/>
</kw>
<kw name="Search And Verify Item In Category">
<kw name="Input Text" owner="SeleniumLibrary">
<msg time="2025-12-23T04:36:37.841381" level="INFO">Typing text 'Americano' into text field 'xpath=//input[@placeholder='Search menu']'.</msg>
<arg>xpath=//input[@placeholder='Search menu']</arg>
<arg>${item_name}</arg>
<doc>Types the given ``text`` into the text field identified by ``locator``.</doc>
<status status="PASS" start="2025-12-23T04:36:37.841163" elapsed="0.481808"/>
</kw>
<kw name="Sleep" owner="BuiltIn">
<msg time="2025-12-23T04:36:39.326026" level="INFO">Slept 1 second.</msg>
<arg>1s</arg>
<doc>Pauses the test executed for the given time.</doc>
<status status="PASS" start="2025-12-23T04:36:38.323333" elapsed="1.003355"/>
</kw>
<kw name="Wait Until Element Is Visible" owner="SeleniumLibrary">
<arg>id=${category_id}</arg>
<arg>timeout=5s</arg>
<doc>Waits until the element ``locator`` is visible.</doc>
<status status="PASS" start="2025-12-23T04:36:39.327371" elapsed="0.030828"/>
</kw>
<kw name="Element Should Be Visible" owner="SeleniumLibrary">
<msg time="2025-12-23T04:36:39.372369" level="INFO">Element 'xpath=//section[@id='Coffee']//h3[contains(text(), 'Americano')]' is displayed.</msg>
<arg>xpath=//section[@id='${category_id}']//h3[contains(text(), '${item_name}')]</arg>
<doc>Verifies that the element identified by ``locator`` is visible.</doc>
<status status="PASS" start="2025-12-23T04:36:39.358437" elapsed="0.014030"/>
</kw>
<kw name="Clear Element Text" owner="SeleniumLibrary">
<arg>xpath=//input[@placeholder='Search menu']</arg>
<doc>Clears the value of the text-input-element identified by ``locator``.</doc>
<status status="PASS" start="2025-12-23T04:36:39.372611" elapsed="0.024200"/>
</kw>
<arg>${ITEM_COFFEE}</arg>
<arg>Coffee</arg>
<status status="PASS" start="2025-12-23T04:36:37.840735" elapsed="1.556232"/>
</kw>
<kw name="Close Browser" owner="SeleniumLibrary" type="TEARDOWN">
<doc>Closes the current browser.</doc>
<status status="PASS" start="2025-12-23T04:36:39.397341" elapsed="0.111862"/>
</kw>
<status status="PASS" start="2025-12-23T04:36:31.847685" elapsed="7.661668"/>
</test>
<test id="s1-t2" name="TC-02: Verify User click in 'Coffee' category with side menu" line="30">
<kw name="Open Browser To Menu Page" type="SETUP">
<kw name="Open Browser" owner="SeleniumLibrary">
<msg time="2025-12-23T04:36:39.510791" level="INFO">Opening browser 'chrome' to base url 'http://localhost:3001/menu-page'.</msg>
<arg>${URL_MENU}</arg>
<arg>${BROWSER}</arg>
<doc>Opens a new browser instance to the optional ``url``.</doc>
<status status="PASS" start="2025-12-23T04:36:39.510596" elapsed="2.862531"/>
</kw>
<kw name="Maximize Browser Window" owner="SeleniumLibrary">
<doc>Maximizes current browser window.</doc>
<status status="PASS" start="2025-12-23T04:36:42.376091" elapsed="0.352816"/>
</kw>
<kw name="Wait Until Element Is Visible" owner="SeleniumLibrary">
<arg>xpath=//input[@placeholder='Search menu']</arg>
<arg>timeout=10s</arg>
<doc>Waits until the element ``locator`` is visible.</doc>
<status status="PASS" start="2025-12-23T04:36:42.729546" elapsed="0.112955"/>
</kw>
<kw name="Wait Until Element Is Visible" owner="SeleniumLibrary">
<arg>xpath=//h3</arg>
<arg>timeout=10s</arg>
<doc>Waits until the element ``locator`` is visible.</doc>
<status status="PASS" start="2025-12-23T04:36:42.843116" elapsed="1.295396"/>
</kw>
<status status="PASS" start="2025-12-23T04:36:39.510342" elapsed="4.628802"/>
</kw>
<kw name="Click Side Menu And Verify Header">
<kw name="Set Variable" owner="BuiltIn">
<msg time="2025-12-23T04:36:44.144969" level="INFO">${menu_link} = xpath=//aside//a[contains(text(), 'Coffee')]</msg>
<var>${menu_link}</var>
<arg>xpath=//aside//a[contains(text(), '${category_name}')]</arg>
<doc>Returns the given values which can then be assigned to a variables.</doc>
<status status="PASS" start="2025-12-23T04:36:44.143361" elapsed="0.001796"/>
</kw>
<kw name="JS Click Element">
<kw name="Wait Until Page Contains Element" owner="SeleniumLibrary">
<arg>${xpath}</arg>
<arg>timeout=10s</arg>
<doc>Waits until the element ``locator`` appears on the current page.</doc>
<status status="PASS" start="2025-12-23T04:36:44.146412" elapsed="0.012802"/>
</kw>
<kw name="Get WebElement" owner="SeleniumLibrary">
<msg time="2025-12-23T04:36:44.175051" level="INFO">${element} = &lt;selenium.webdriver.remote.webelement.WebElement (session="4cb5b870913c69f861bbb937534c4a31", element="f.B86BE937A0EF97654BAB5EE277CDBB90.d.1A17DF44ADD9950066893520089DCEEB.e.97")&gt;</msg>
<var>${element}</var>
<arg>${xpath}</arg>
<doc>Returns the first WebElement matching the given ``locator``.</doc>
<status status="PASS" start="2025-12-23T04:36:44.159584" elapsed="0.015552"/>
</kw>
<kw name="Execute Javascript" owner="SeleniumLibrary">
<msg time="2025-12-23T04:36:44.180472" level="INFO">Executing JavaScript:
arguments[0].scrollIntoView({block: "center"});
By using argument:
'&lt;selenium.webdriver.remote.webelement.WebElement (session="4cb5b870913c69f861bbb937534c4a31", element="f.B86BE937A0EF97654BAB5EE277CDBB90.d.1A17DF44ADD9950066893520089DCEEB.e.97")&gt;'</msg>
<arg>arguments[0].scrollIntoView({block: "center"});</arg>
<arg>ARGUMENTS</arg>
<arg>${element}</arg>
<doc>Executes the given JavaScript code with possible arguments.</doc>
<status status="PASS" start="2025-12-23T04:36:44.175699" elapsed="0.089235"/>
</kw>
<kw name="Sleep" owner="BuiltIn">
<msg time="2025-12-23T04:36:44.766498" level="INFO">Slept 500 milliseconds.</msg>
<arg>0.5s</arg>
<doc>Pauses the test executed for the given time.</doc>
<status status="PASS" start="2025-12-23T04:36:44.265125" elapsed="0.501716"/>
</kw>
<kw name="Execute Javascript" owner="SeleniumLibrary">
<msg time="2025-12-23T04:36:44.768160" level="INFO">Executing JavaScript:
arguments[0].click();
By using argument:
'&lt;selenium.webdriver.remote.webelement.WebElement (session="4cb5b870913c69f861bbb937534c4a31", element="f.B86BE937A0EF97654BAB5EE277CDBB90.d.1A17DF44ADD9950066893520089DCEEB.e.97")&gt;'</msg>
<arg>arguments[0].click();</arg>
<arg>ARGUMENTS</arg>
<arg>${element}</arg>
<doc>Executes the given JavaScript code with possible arguments.</doc>
<status status="PASS" start="2025-12-23T04:36:44.767143" elapsed="0.021514"/>
</kw>
<arg>${menu_link}</arg>
<doc>ท่าไม้ตาย: เลื่อนหา + กดด้วย JavaScript (ทะลุทุกสิ่งกีดขวาง)</doc>
<status status="PASS" start="2025-12-23T04:36:44.146027" elapsed="0.642744"/>
</kw>
<kw name="Wait Until Element Is Visible" owner="SeleniumLibrary">
<arg>xpath=//h2[contains(text(), '${category_name}')]</arg>
<arg>timeout=5s</arg>
<doc>Waits until the element ``locator`` is visible.</doc>
<status status="PASS" start="2025-12-23T04:36:44.788903" elapsed="0.018677"/>
</kw>
<arg>Coffee</arg>
<status status="PASS" start="2025-12-23T04:36:44.140383" elapsed="0.667449"/>
</kw>
<kw name="Close Browser" owner="SeleniumLibrary" type="TEARDOWN">
<doc>Closes the current browser.</doc>
<status status="PASS" start="2025-12-23T04:36:44.808172" elapsed="0.203782"/>
</kw>
<status status="PASS" start="2025-12-23T04:36:39.509725" elapsed="5.502530"/>
</test>
<test id="s1-t3" name="TC-03: User can click add coffee menu" line="32">
<kw name="Open Browser To Menu Page" type="SETUP">
<kw name="Open Browser" owner="SeleniumLibrary">
<msg time="2025-12-23T04:36:45.017181" level="INFO">Opening browser 'chrome' to base url 'http://localhost:3001/menu-page'.</msg>
<arg>${URL_MENU}</arg>
<arg>${BROWSER}</arg>
<doc>Opens a new browser instance to the optional ``url``.</doc>
<status status="PASS" start="2025-12-23T04:36:45.016208" elapsed="4.897765"/>
</kw>
<kw name="Maximize Browser Window" owner="SeleniumLibrary">
<doc>Maximizes current browser window.</doc>
<status status="PASS" start="2025-12-23T04:36:49.917172" elapsed="0.500193"/>
</kw>
<kw name="Wait Until Element Is Visible" owner="SeleniumLibrary">
<arg>xpath=//input[@placeholder='Search menu']</arg>
<arg>timeout=10s</arg>
<doc>Waits until the element ``locator`` is visible.</doc>
<status status="PASS" start="2025-12-23T04:36:50.417765" elapsed="0.049490"/>
</kw>
<kw name="Wait Until Element Is Visible" owner="SeleniumLibrary">
<arg>xpath=//h3</arg>
<arg>timeout=10s</arg>
<doc>Waits until the element ``locator`` is visible.</doc>
<status status="PASS" start="2025-12-23T04:36:50.467500" elapsed="0.589585"/>
</kw>
<status status="PASS" start="2025-12-23T04:36:45.015128" elapsed="6.046661"/>
</kw>
<kw name="Select Item And Add To Cart">
<kw name="Select Item To Detail Page">
<kw name="Set Variable" owner="BuiltIn">
<msg time="2025-12-23T04:36:51.067235" level="INFO">${card_xpath} = xpath=//h3[contains(., 'Americano')]/ancestor::a</msg>
<var>${card_xpath}</var>
<arg>xpath=//h3[contains(., '${item_name}')]/ancestor::a</arg>
<doc>Returns the given values which can then be assigned to a variables.</doc>
<status status="PASS" start="2025-12-23T04:36:51.066622" elapsed="0.000659"/>
</kw>
<kw name="JS Click Element">
<kw name="Wait Until Page Contains Element" owner="SeleniumLibrary">
<arg>${xpath}</arg>
<arg>timeout=10s</arg>
<doc>Waits until the element ``locator`` appears on the current page.</doc>
<status status="PASS" start="2025-12-23T04:36:51.067661" elapsed="0.011323"/>
</kw>
<kw name="Get WebElement" owner="SeleniumLibrary">
<msg time="2025-12-23T04:36:51.086795" level="INFO">${element} = &lt;selenium.webdriver.remote.webelement.WebElement (session="b0c1a6cc3ac3908c88ecc68c9d507e1b", element="f.B0C25C7991563CC40998A141E49E55B4.d.E4FE6CA02E9BABCA881F0488E1494054.e.8")&gt;</msg>
<var>${element}</var>
<arg>${xpath}</arg>
<doc>Returns the first WebElement matching the given ``locator``.</doc>
<status status="PASS" start="2025-12-23T04:36:51.079189" elapsed="0.007655"/>
</kw>
<kw name="Execute Javascript" owner="SeleniumLibrary">
<msg time="2025-12-23T04:36:51.092776" level="INFO">Executing JavaScript:
arguments[0].scrollIntoView({block: "center"});
By using argument:
'&lt;selenium.webdriver.remote.webelement.WebElement (session="b0c1a6cc3ac3908c88ecc68c9d507e1b", element="f.B0C25C7991563CC40998A141E49E55B4.d.E4FE6CA02E9BABCA881F0488E1494054.e.8")&gt;'</msg>
<arg>arguments[0].scrollIntoView({block: "center"});</arg>
<arg>ARGUMENTS</arg>
<arg>${element}</arg>
<doc>Executes the given JavaScript code with possible arguments.</doc>
<status status="PASS" start="2025-12-23T04:36:51.087219" elapsed="0.092403"/>
</kw>
<kw name="Sleep" owner="BuiltIn">
<msg time="2025-12-23T04:36:51.680705" level="INFO">Slept 500 milliseconds.</msg>
<arg>0.5s</arg>
<doc>Pauses the test executed for the given time.</doc>
<status status="PASS" start="2025-12-23T04:36:51.179970" elapsed="0.500864"/>
</kw>
<kw name="Execute Javascript" owner="SeleniumLibrary">
<msg time="2025-12-23T04:36:51.681555" level="INFO">Executing JavaScript:
arguments[0].click();
By using argument:
'&lt;selenium.webdriver.remote.webelement.WebElement (session="b0c1a6cc3ac3908c88ecc68c9d507e1b", element="f.B0C25C7991563CC40998A141E49E55B4.d.E4FE6CA02E9BABCA881F0488E1494054.e.8")&gt;'</msg>
<arg>arguments[0].click();</arg>
<arg>ARGUMENTS</arg>
<arg>${element}</arg>
<doc>Executes the given JavaScript code with possible arguments.</doc>
<status status="PASS" start="2025-12-23T04:36:51.680993" elapsed="0.012027"/>
</kw>
<arg>${card_xpath}</arg>
<doc>ท่าไม้ตาย: เลื่อนหา + กดด้วย JavaScript (ทะลุทุกสิ่งกีดขวาง)</doc>
<status status="PASS" start="2025-12-23T04:36:51.067435" elapsed="0.625691"/>
</kw>
<kw name="Wait Until Location Contains" owner="SeleniumLibrary">
<arg>menuDetail</arg>
<arg>timeout=5s</arg>
<doc>Waits until the current URL contains ``expected``.</doc>
<status status="PASS" start="2025-12-23T04:36:51.693236" elapsed="0.210226"/>
</kw>
<arg>${item_name}</arg>
<doc>คลิกที่การ์ดสินค้าเพื่อเข้าหน้า Detail</doc>
<status status="PASS" start="2025-12-23T04:36:51.066292" elapsed="0.837298"/>
</kw>
<kw name="Click Add To Cart Button">
<kw name="Set Variable" owner="BuiltIn">
<msg time="2025-12-23T04:36:51.904083" level="INFO">${add_btn} = xpath=//button[contains(., 'Add')]</msg>
<var>${add_btn}</var>
<arg>xpath=//button[contains(., 'Add')]</arg>
<doc>Returns the given values which can then be assigned to a variables.</doc>
<status status="PASS" start="2025-12-23T04:36:51.903961" elapsed="0.000146"/>
</kw>
<kw name="JS Click Element">
<kw name="Wait Until Page Contains Element" owner="SeleniumLibrary">
<arg>${xpath}</arg>
<arg>timeout=10s</arg>
<doc>Waits until the element ``locator`` appears on the current page.</doc>
<status status="PASS" start="2025-12-23T04:36:51.904401" elapsed="0.219790"/>
</kw>
<kw name="Get WebElement" owner="SeleniumLibrary">
<msg time="2025-12-23T04:36:52.131439" level="INFO">${element} = &lt;selenium.webdriver.remote.webelement.WebElement (session="b0c1a6cc3ac3908c88ecc68c9d507e1b", element="f.B0C25C7991563CC40998A141E49E55B4.d.E4FE6CA02E9BABCA881F0488E1494054.e.105")&gt;</msg>
<var>${element}</var>
<arg>${xpath}</arg>
<doc>Returns the first WebElement matching the given ``locator``.</doc>
<status status="PASS" start="2025-12-23T04:36:52.124404" elapsed="0.007207"/>
</kw>
<kw name="Execute Javascript" owner="SeleniumLibrary">
<msg time="2025-12-23T04:36:52.132824" level="INFO">Executing JavaScript:
arguments[0].scrollIntoView({block: "center"});
By using argument:
'&lt;selenium.webdriver.remote.webelement.WebElement (session="b0c1a6cc3ac3908c88ecc68c9d507e1b", element="f.B0C25C7991563CC40998A141E49E55B4.d.E4FE6CA02E9BABCA881F0488E1494054.e.105")&gt;'</msg>
<arg>arguments[0].scrollIntoView({block: "center"});</arg>
<arg>ARGUMENTS</arg>
<arg>${element}</arg>
<doc>Executes the given JavaScript code with possible arguments.</doc>
<status status="PASS" start="2025-12-23T04:36:52.132014" elapsed="0.005918"/>
</kw>
<kw name="Sleep" owner="BuiltIn">
<msg time="2025-12-23T04:36:52.641386" level="INFO">Slept 500 milliseconds.</msg>
<arg>0.5s</arg>
<doc>Pauses the test executed for the given time.</doc>
<status status="PASS" start="2025-12-23T04:36:52.138310" elapsed="0.503527"/>
</kw>
<kw name="Execute Javascript" owner="SeleniumLibrary">
<msg time="2025-12-23T04:36:52.643660" level="INFO">Executing JavaScript:
arguments[0].click();
By using argument:
'&lt;selenium.webdriver.remote.webelement.WebElement (session="b0c1a6cc3ac3908c88ecc68c9d507e1b", element="f.B0C25C7991563CC40998A141E49E55B4.d.E4FE6CA02E9BABCA881F0488E1494054.e.105")&gt;'</msg>
<arg>arguments[0].click();</arg>
<arg>ARGUMENTS</arg>
<arg>${element}</arg>
<doc>Executes the given JavaScript code with possible arguments.</doc>
<status status="PASS" start="2025-12-23T04:36:52.642513" elapsed="0.014223"/>
</kw>
<arg>${add_btn}</arg>
<doc>ท่าไม้ตาย: เลื่อนหา + กดด้วย JavaScript (ทะลุทุกสิ่งกีดขวาง)</doc>
<status status="PASS" start="2025-12-23T04:36:51.904221" elapsed="0.752650"/>
</kw>
<kw name="Wait Until Location Contains" owner="SeleniumLibrary">
<arg>basket</arg>
<arg>timeout=10s</arg>
<doc>Waits until the current URL contains ``expected``.</doc>
<status status="PASS" start="2025-12-23T04:36:52.657314" elapsed="0.210516"/>
</kw>
<doc>กดปุ่ม Add แล้วรอให้เด้งไปหน้า Basket</doc>
<status status="PASS" start="2025-12-23T04:36:51.903748" elapsed="0.964198"/>
</kw>
<arg>${ITEM_COFFEE}</arg>
<doc>แบบ Basic: กดเข้า -&gt; กด Add -&gt; จบที่ตะกร้า</doc>
<status status="PASS" start="2025-12-23T04:36:51.065465" elapsed="1.802550"/>
</kw>
<kw name="Close Browser" owner="SeleniumLibrary" type="TEARDOWN">
<doc>Closes the current browser.</doc>
<status status="PASS" start="2025-12-23T04:36:52.868420" elapsed="0.207555"/>
</kw>
<status status="PASS" start="2025-12-23T04:36:45.012780" elapsed="8.063561"/>
</test>
<test id="s1-t4" name="TC-04: Verify search in 'Tea' category" line="36">
<kw name="Open Browser To Menu Page" type="SETUP">
<kw name="Open Browser" owner="SeleniumLibrary">
<msg time="2025-12-23T04:36:53.109163" level="INFO">Opening browser 'chrome' to base url 'http://localhost:3001/menu-page'.</msg>
<arg>${URL_MENU}</arg>
<arg>${BROWSER}</arg>
<doc>Opens a new browser instance to the optional ``url``.</doc>
<status status="PASS" start="2025-12-23T04:36:53.078928" elapsed="4.080990"/>
</kw>
<kw name="Maximize Browser Window" owner="SeleniumLibrary">
<doc>Maximizes current browser window.</doc>
<status status="PASS" start="2025-12-23T04:36:57.166984" elapsed="0.385012"/>
</kw>
<kw name="Wait Until Element Is Visible" owner="SeleniumLibrary">
<arg>xpath=//input[@placeholder='Search menu']</arg>
<arg>timeout=10s</arg>
<doc>Waits until the element ``locator`` is visible.</doc>
<status status="PASS" start="2025-12-23T04:36:57.552626" elapsed="0.058566"/>
</kw>
<kw name="Wait Until Element Is Visible" owner="SeleniumLibrary">
<arg>xpath=//h3</arg>
<arg>timeout=10s</arg>
<doc>Waits until the element ``locator`` is visible.</doc>
<status status="PASS" start="2025-12-23T04:36:57.611782" elapsed="0.675295"/>
</kw>
<status status="PASS" start="2025-12-23T04:36:53.078145" elapsed="5.209225"/>
</kw>
<kw name="Search And Verify Item In Category">
<kw name="Input Text" owner="SeleniumLibrary">
<msg time="2025-12-23T04:36:58.290368" level="INFO">Typing text 'Green Tea' into text field 'xpath=//input[@placeholder='Search menu']'.</msg>
<arg>xpath=//input[@placeholder='Search menu']</arg>
<arg>${item_name}</arg>
<doc>Types the given ``text`` into the text field identified by ``locator``.</doc>
<status status="PASS" start="2025-12-23T04:36:58.289778" elapsed="0.493947"/>
</kw>
<kw name="Sleep" owner="BuiltIn">
<msg time="2025-12-23T04:36:59.785276" level="INFO">Slept 1 second.</msg>
<arg>1s</arg>
<doc>Pauses the test executed for the given time.</doc>
<status status="PASS" start="2025-12-23T04:36:58.783888" elapsed="1.001691"/>
</kw>
<kw name="Wait Until Element Is Visible" owner="SeleniumLibrary">
<arg>id=${category_id}</arg>
<arg>timeout=5s</arg>
<doc>Waits until the element ``locator`` is visible.</doc>
<status status="PASS" start="2025-12-23T04:36:59.785996" elapsed="0.020581"/>
</kw>
<kw name="Element Should Be Visible" owner="SeleniumLibrary">
<msg time="2025-12-23T04:36:59.821086" level="INFO">Element 'xpath=//section[@id='Tea']//h3[contains(text(), 'Green Tea')]' is displayed.</msg>
<arg>xpath=//section[@id='${category_id}']//h3[contains(text(), '${item_name}')]</arg>
<doc>Verifies that the element identified by ``locator`` is visible.</doc>
<status status="PASS" start="2025-12-23T04:36:59.807699" elapsed="0.013464"/>
</kw>
<kw name="Clear Element Text" owner="SeleniumLibrary">
<arg>xpath=//input[@placeholder='Search menu']</arg>
<doc>Clears the value of the text-input-element identified by ``locator``.</doc>
<status status="PASS" start="2025-12-23T04:36:59.821285" elapsed="0.023999"/>
</kw>
<arg>${ITEM_TEA}</arg>
<arg>Tea</arg>
<status status="PASS" start="2025-12-23T04:36:58.288172" elapsed="1.557219"/>
</kw>
<kw name="Close Browser" owner="SeleniumLibrary" type="TEARDOWN">
<doc>Closes the current browser.</doc>
<status status="PASS" start="2025-12-23T04:36:59.845674" elapsed="0.135883"/>
</kw>
<status status="PASS" start="2025-12-23T04:36:53.077216" elapsed="6.904663"/>
</test>
<test id="s1-t5" name="TC-05: Verify User click in 'Tea' category with side menu" line="38">
<kw name="Open Browser To Menu Page" type="SETUP">
<kw name="Open Browser" owner="SeleniumLibrary">
<msg time="2025-12-23T04:36:59.983391" level="INFO">Opening browser 'chrome' to base url 'http://localhost:3001/menu-page'.</msg>
<arg>${URL_MENU}</arg>
<arg>${BROWSER}</arg>
<doc>Opens a new browser instance to the optional ``url``.</doc>
<status status="PASS" start="2025-12-23T04:36:59.983189" elapsed="2.562501"/>
</kw>
<kw name="Maximize Browser Window" owner="SeleniumLibrary">
<doc>Maximizes current browser window.</doc>
<status status="PASS" start="2025-12-23T04:37:02.547593" elapsed="0.669984"/>
</kw>
<kw name="Wait Until Element Is Visible" owner="SeleniumLibrary">
<arg>xpath=//input[@placeholder='Search menu']</arg>
<arg>timeout=10s</arg>
<doc>Waits until the element ``locator`` is visible.</doc>
<status status="PASS" start="2025-12-23T04:37:03.218121" elapsed="0.070529"/>
</kw>
<kw name="Wait Until Element Is Visible" owner="SeleniumLibrary">
<arg>xpath=//h3</arg>
<arg>timeout=10s</arg>
<doc>Waits until the element ``locator`` is visible.</doc>
<status status="PASS" start="2025-12-23T04:37:03.288806" elapsed="0.607350"/>
</kw>
<status status="PASS" start="2025-12-23T04:36:59.982953" elapsed="3.913849"/>
</kw>
<kw name="Click Side Menu And Verify Header">
<kw name="Set Variable" owner="BuiltIn">
<msg time="2025-12-23T04:37:03.898740" level="INFO">${menu_link} = xpath=//aside//a[contains(text(), 'Tea')]</msg>
<var>${menu_link}</var>
<arg>xpath=//aside//a[contains(text(), '${category_name}')]</arg>
<doc>Returns the given values which can then be assigned to a variables.</doc>
<status status="PASS" start="2025-12-23T04:37:03.898493" elapsed="0.000287"/>
</kw>
<kw name="JS Click Element">
<kw name="Wait Until Page Contains Element" owner="SeleniumLibrary">
<arg>${xpath}</arg>
<arg>timeout=10s</arg>
<doc>Waits until the element ``locator`` appears on the current page.</doc>
<status status="PASS" start="2025-12-23T04:37:03.899943" elapsed="0.011604"/>
</kw>
<kw name="Get WebElement" owner="SeleniumLibrary">
<msg time="2025-12-23T04:37:03.921841" level="INFO">${element} = &lt;selenium.webdriver.remote.webelement.WebElement (session="35ace45d2df37d9dd9b07c484a0950a7", element="f.679C4B8D779415BA8B12370B0DC1E08A.d.AE30FE7DE4D2BAB4A3306EB78ACDA6E5.e.92")&gt;</msg>
<var>${element}</var>
<arg>${xpath}</arg>
<doc>Returns the first WebElement matching the given ``locator``.</doc>
<status status="PASS" start="2025-12-23T04:37:03.911819" elapsed="0.010337"/>
</kw>
<kw name="Execute Javascript" owner="SeleniumLibrary">
<msg time="2025-12-23T04:37:03.926436" level="INFO">Executing JavaScript:
arguments[0].scrollIntoView({block: "center"});
By using argument:
'&lt;selenium.webdriver.remote.webelement.WebElement (session="35ace45d2df37d9dd9b07c484a0950a7", element="f.679C4B8D779415BA8B12370B0DC1E08A.d.AE30FE7DE4D2BAB4A3306EB78ACDA6E5.e.92")&gt;'</msg>
<arg>arguments[0].scrollIntoView({block: "center"});</arg>
<arg>ARGUMENTS</arg>
<arg>${element}</arg>
<doc>Executes the given JavaScript code with possible arguments.</doc>
<status status="PASS" start="2025-12-23T04:37:03.922426" elapsed="0.086776"/>
</kw>
<kw name="Sleep" owner="BuiltIn">
<msg time="2025-12-23T04:37:04.510090" level="INFO">Slept 500 milliseconds.</msg>
<arg>0.5s</arg>
<doc>Pauses the test executed for the given time.</doc>
<status status="PASS" start="2025-12-23T04:37:04.009373" elapsed="0.500946"/>
</kw>
<kw name="Execute Javascript" owner="SeleniumLibrary">
<msg time="2025-12-23T04:37:04.511441" level="INFO">Executing JavaScript:
arguments[0].click();
By using argument:
'&lt;selenium.webdriver.remote.webelement.WebElement (session="35ace45d2df37d9dd9b07c484a0950a7", element="f.679C4B8D779415BA8B12370B0DC1E08A.d.AE30FE7DE4D2BAB4A3306EB78ACDA6E5.e.92")&gt;'</msg>
<arg>arguments[0].click();</arg>
<arg>ARGUMENTS</arg>
<arg>${element}</arg>
<doc>Executes the given JavaScript code with possible arguments.</doc>
<status status="PASS" start="2025-12-23T04:37:04.510631" elapsed="0.018639"/>
</kw>
<arg>${menu_link}</arg>
<doc>ท่าไม้ตาย: เลื่อนหา + กดด้วย JavaScript (ทะลุทุกสิ่งกีดขวาง)</doc>
<status status="PASS" start="2025-12-23T04:37:03.899635" elapsed="0.629788"/>
</kw>
<kw name="Wait Until Element Is Visible" owner="SeleniumLibrary">
<arg>xpath=//h2[contains(text(), '${category_name}')]</arg>
<arg>timeout=5s</arg>
<doc>Waits until the element ``locator`` is visible.</doc>
<status status="PASS" start="2025-12-23T04:37:04.529588" elapsed="0.019940"/>
</kw>
<arg>Tea</arg>
<status status="PASS" start="2025-12-23T04:37:03.897922" elapsed="0.651740"/>
</kw>
<kw name="Close Browser" owner="SeleniumLibrary" type="TEARDOWN">
<doc>Closes the current browser.</doc>
<status status="PASS" start="2025-12-23T04:37:04.550094" elapsed="0.134321"/>
</kw>
<status status="PASS" start="2025-12-23T04:36:59.982442" elapsed="4.702160"/>
</test>
<test id="s1-t6" name="TC-06: User can click add menu in 'Tea' category" line="40">
<kw name="Open Browser To Menu Page" type="SETUP">
<kw name="Open Browser" owner="SeleniumLibrary">
<msg time="2025-12-23T04:37:04.687524" level="INFO">Opening browser 'chrome' to base url 'http://localhost:3001/menu-page'.</msg>
<arg>${URL_MENU}</arg>
<arg>${BROWSER}</arg>
<doc>Opens a new browser instance to the optional ``url``.</doc>
<status status="PASS" start="2025-12-23T04:37:04.686855" elapsed="3.749358"/>
</kw>
<kw name="Maximize Browser Window" owner="SeleniumLibrary">
<doc>Maximizes current browser window.</doc>
<status status="PASS" start="2025-12-23T04:37:08.442082" elapsed="0.355138"/>
</kw>
<kw name="Wait Until Element Is Visible" owner="SeleniumLibrary">
<arg>xpath=//input[@placeholder='Search menu']</arg>
<arg>timeout=10s</arg>
<doc>Waits until the element ``locator`` is visible.</doc>
<status status="PASS" start="2025-12-23T04:37:08.798010" elapsed="0.068646"/>
</kw>
<kw name="Wait Until Element Is Visible" owner="SeleniumLibrary">
<arg>xpath=//h3</arg>
<arg>timeout=10s</arg>
<doc>Waits until the element ``locator`` is visible.</doc>
<status status="PASS" start="2025-12-23T04:37:08.867042" elapsed="0.580756"/>
</kw>
<status status="PASS" start="2025-12-23T04:37:04.686108" elapsed="4.761956"/>
</kw>
<kw name="Select Item And Add To Cart">
<kw name="Select Item To Detail Page">
<kw name="Set Variable" owner="BuiltIn">
<msg time="2025-12-23T04:37:09.451336" level="INFO">${card_xpath} = xpath=//h3[contains(., 'Green Tea')]/ancestor::a</msg>
<var>${card_xpath}</var>
<arg>xpath=//h3[contains(., '${item_name}')]/ancestor::a</arg>
<doc>Returns the given values which can then be assigned to a variables.</doc>
<status status="PASS" start="2025-12-23T04:37:09.450824" elapsed="0.000588"/>
</kw>
<kw name="JS Click Element">
<kw name="Wait Until Page Contains Element" owner="SeleniumLibrary">
<arg>${xpath}</arg>
<arg>timeout=10s</arg>
<doc>Waits until the element ``locator`` appears on the current page.</doc>
<status status="PASS" start="2025-12-23T04:37:09.451822" elapsed="0.015030"/>
</kw>
<kw name="Get WebElement" owner="SeleniumLibrary">
<msg time="2025-12-23T04:37:09.550088" level="INFO">${element} = &lt;selenium.webdriver.remote.webelement.WebElement (session="612b8a09ea5d209181e48156ffe84dcb", element="f.6D208DC6430ABDB36C92721128C3DC8A.d.694E7FF1B99EF28688675BE16D3833A5.e.105")&gt;</msg>
<var>${element}</var>
<arg>${xpath}</arg>
<doc>Returns the first WebElement matching the given ``locator``.</doc>
<status status="PASS" start="2025-12-23T04:37:09.467317" elapsed="0.082816"/>
</kw>
<kw name="Execute Javascript" owner="SeleniumLibrary">
<msg time="2025-12-23T04:37:09.554229" level="INFO">Executing JavaScript:
arguments[0].scrollIntoView({block: "center"});
By using argument:
'&lt;selenium.webdriver.remote.webelement.WebElement (session="612b8a09ea5d209181e48156ffe84dcb", element="f.6D208DC6430ABDB36C92721128C3DC8A.d.694E7FF1B99EF28688675BE16D3833A5.e.105")&gt;'</msg>
<arg>arguments[0].scrollIntoView({block: "center"});</arg>
<arg>ARGUMENTS</arg>
<arg>${element}</arg>
<doc>Executes the given JavaScript code with possible arguments.</doc>
<status status="PASS" start="2025-12-23T04:37:09.550272" elapsed="0.007880"/>
</kw>
<kw name="Sleep" owner="BuiltIn">
<msg time="2025-12-23T04:37:10.060853" level="INFO">Slept 500 milliseconds.</msg>
<arg>0.5s</arg>
<doc>Pauses the test executed for the given time.</doc>
<status status="PASS" start="2025-12-23T04:37:09.558286" elapsed="0.502900"/>
</kw>
<kw name="Execute Javascript" owner="SeleniumLibrary">
<msg time="2025-12-23T04:37:10.062171" level="INFO">Executing JavaScript:
arguments[0].click();
By using argument:
'&lt;selenium.webdriver.remote.webelement.WebElement (session="612b8a09ea5d209181e48156ffe84dcb", element="f.6D208DC6430ABDB36C92721128C3DC8A.d.694E7FF1B99EF28688675BE16D3833A5.e.105")&gt;'</msg>
<arg>arguments[0].click();</arg>
<arg>ARGUMENTS</arg>
<arg>${element}</arg>
<doc>Executes the given JavaScript code with possible arguments.</doc>
<status status="PASS" start="2025-12-23T04:37:10.061512" elapsed="0.012839"/>
</kw>
<arg>${card_xpath}</arg>
<doc>ท่าไม้ตาย: เลื่อนหา + กดด้วย JavaScript (ทะลุทุกสิ่งกีดขวาง)</doc>
<status status="PASS" start="2025-12-23T04:37:09.451585" elapsed="0.622875"/>
</kw>
<kw name="Wait Until Location Contains" owner="SeleniumLibrary">
<arg>menuDetail</arg>
<arg>timeout=5s</arg>
<doc>Waits until the current URL contains ``expected``.</doc>
<status status="PASS" start="2025-12-23T04:37:10.074626" elapsed="0.216287"/>
</kw>
<arg>${item_name}</arg>
<doc>คลิกที่การ์ดสินค้าเพื่อเข้าหน้า Detail</doc>
<status status="PASS" start="2025-12-23T04:37:09.450114" elapsed="0.840939"/>
</kw>
<kw name="Click Add To Cart Button">
<kw name="Set Variable" owner="BuiltIn">
<msg time="2025-12-23T04:37:10.291588" level="INFO">${add_btn} = xpath=//button[contains(., 'Add')]</msg>
<var>${add_btn}</var>
<arg>xpath=//button[contains(., 'Add')]</arg>
<doc>Returns the given values which can then be assigned to a variables.</doc>
<status status="PASS" start="2025-12-23T04:37:10.291464" elapsed="0.000151"/>
</kw>
<kw name="JS Click Element">
<kw name="Wait Until Page Contains Element" owner="SeleniumLibrary">
<arg>${xpath}</arg>
<arg>timeout=10s</arg>
<doc>Waits until the element ``locator`` appears on the current page.</doc>
<status status="PASS" start="2025-12-23T04:37:10.291893" elapsed="0.224243"/>
</kw>
<kw name="Get WebElement" owner="SeleniumLibrary">
<msg time="2025-12-23T04:37:10.522082" level="INFO">${element} = &lt;selenium.webdriver.remote.webelement.WebElement (session="612b8a09ea5d209181e48156ffe84dcb", element="f.6D208DC6430ABDB36C92721128C3DC8A.d.694E7FF1B99EF28688675BE16D3833A5.e.114")&gt;</msg>
<var>${element}</var>
<arg>${xpath}</arg>
<doc>Returns the first WebElement matching the given ``locator``.</doc>
<status status="PASS" start="2025-12-23T04:37:10.516295" elapsed="0.005843"/>
</kw>
<kw name="Execute Javascript" owner="SeleniumLibrary">
<msg time="2025-12-23T04:37:10.523221" level="INFO">Executing JavaScript:
arguments[0].scrollIntoView({block: "center"});
By using argument:
'&lt;selenium.webdriver.remote.webelement.WebElement (session="612b8a09ea5d209181e48156ffe84dcb", element="f.6D208DC6430ABDB36C92721128C3DC8A.d.694E7FF1B99EF28688675BE16D3833A5.e.114")&gt;'</msg>
<arg>arguments[0].scrollIntoView({block: "center"});</arg>
<arg>ARGUMENTS</arg>
<arg>${element}</arg>
<doc>Executes the given JavaScript code with possible arguments.</doc>
<status status="PASS" start="2025-12-23T04:37:10.522443" elapsed="0.007496"/>
</kw>
<kw name="Sleep" owner="BuiltIn">
<msg time="2025-12-23T04:37:11.031330" level="INFO">Slept 500 milliseconds.</msg>
<arg>0.5s</arg>
<doc>Pauses the test executed for the given time.</doc>
<status status="PASS" start="2025-12-23T04:37:10.530348" elapsed="0.501103"/>
</kw>
<kw name="Execute Javascript" owner="SeleniumLibrary">
<msg time="2025-12-23T04:37:11.032943" level="INFO">Executing JavaScript:
arguments[0].click();
By using argument:
'&lt;selenium.webdriver.remote.webelement.WebElement (session="612b8a09ea5d209181e48156ffe84dcb", element="f.6D208DC6430ABDB36C92721128C3DC8A.d.694E7FF1B99EF28688675BE16D3833A5.e.114")&gt;'</msg>
<arg>arguments[0].click();</arg>
<arg>ARGUMENTS</arg>
<arg>${element}</arg>
<doc>Executes the given JavaScript code with possible arguments.</doc>
<status status="PASS" start="2025-12-23T04:37:11.031615" elapsed="0.011751"/>
</kw>
<arg>${add_btn}</arg>
<doc>ท่าไม้ตาย: เลื่อนหา + กดด้วย JavaScript (ทะลุทุกสิ่งกีดขวาง)</doc>
<status status="PASS" start="2025-12-23T04:37:10.291721" elapsed="0.751767"/>
</kw>
<kw name="Wait Until Location Contains" owner="SeleniumLibrary">
<arg>basket</arg>
<arg>timeout=10s</arg>
<doc>Waits until the current URL contains ``expected``.</doc>
<status status="PASS" start="2025-12-23T04:37:11.043613" elapsed="0.213763"/>
</kw>
<doc>กดปุ่ม Add แล้วรอให้เด้งไปหน้า Basket</doc>
<status status="PASS" start="2025-12-23T04:37:10.291230" elapsed="0.966260"/>
</kw>
<arg>${ITEM_TEA}</arg>
<doc>แบบ Basic: กดเข้า -&gt; กด Add -&gt; จบที่ตะกร้า</doc>
<status status="PASS" start="2025-12-23T04:37:09.449046" elapsed="1.808511"/>
</kw>
<kw name="Close Browser" owner="SeleniumLibrary" type="TEARDOWN">
<doc>Closes the current browser.</doc>
<status status="PASS" start="2025-12-23T04:37:11.257929" elapsed="0.444378"/>
</kw>
<status status="PASS" start="2025-12-23T04:37:04.685295" elapsed="7.018814"/>
</test>
<test id="s1-t7" name="TC-07: Verify search in 'Milk' category" line="44">
<kw name="Open Browser To Menu Page" type="SETUP">
<kw name="Open Browser" owner="SeleniumLibrary">
<msg time="2025-12-23T04:37:11.725184" level="INFO">Opening browser 'chrome' to base url 'http://localhost:3001/menu-page'.</msg>
<arg>${URL_MENU}</arg>
<arg>${BROWSER}</arg>
<doc>Opens a new browser instance to the optional ``url``.</doc>
<status status="PASS" start="2025-12-23T04:37:11.720367" elapsed="3.490534"/>
</kw>
<kw name="Maximize Browser Window" owner="SeleniumLibrary">
<doc>Maximizes current browser window.</doc>
<status status="PASS" start="2025-12-23T04:37:15.216260" elapsed="0.348749"/>
</kw>
<kw name="Wait Until Element Is Visible" owner="SeleniumLibrary">
<arg>xpath=//input[@placeholder='Search menu']</arg>
<arg>timeout=10s</arg>
<doc>Waits until the element ``locator`` is visible.</doc>
<status status="PASS" start="2025-12-23T04:37:15.565313" elapsed="0.049883"/>
</kw>
<kw name="Wait Until Element Is Visible" owner="SeleniumLibrary">
<arg>xpath=//h3</arg>
<arg>timeout=10s</arg>
<doc>Waits until the element ``locator`` is visible.</doc>
<status status="PASS" start="2025-12-23T04:37:15.615405" elapsed="0.522644"/>
</kw>
<status status="PASS" start="2025-12-23T04:37:11.717673" elapsed="4.420566"/>
</kw>
<kw name="Search And Verify Item In Category">
<kw name="Input Text" owner="SeleniumLibrary">
<msg time="2025-12-23T04:37:16.139355" level="INFO">Typing text 'Milk' into text field 'xpath=//input[@placeholder='Search menu']'.</msg>
<arg>xpath=//input[@placeholder='Search menu']</arg>
<arg>${item_name}</arg>
<doc>Types the given ``text`` into the text field identified by ``locator``.</doc>
<status status="PASS" start="2025-12-23T04:37:16.139129" elapsed="0.415434"/>
</kw>
<kw name="Sleep" owner="BuiltIn">
<msg time="2025-12-23T04:37:17.559336" level="INFO">Slept 1 second.</msg>
<arg>1s</arg>
<doc>Pauses the test executed for the given time.</doc>
<status status="PASS" start="2025-12-23T04:37:16.556231" elapsed="1.003312"/>
</kw>
<kw name="Wait Until Element Is Visible" owner="SeleniumLibrary">
<arg>id=${category_id}</arg>
<arg>timeout=5s</arg>
<doc>Waits until the element ``locator`` is visible.</doc>
<status status="PASS" start="2025-12-23T04:37:17.560058" elapsed="0.029027"/>
</kw>
<kw name="Element Should Be Visible" owner="SeleniumLibrary">
<msg time="2025-12-23T04:37:17.605648" level="INFO">Element 'xpath=//section[@id='Milk']//h3[contains(text(), 'Milk')]' is displayed.</msg>
<arg>xpath=//section[@id='${category_id}']//h3[contains(text(), '${item_name}')]</arg>
<doc>Verifies that the element identified by ``locator`` is visible.</doc>
<status status="PASS" start="2025-12-23T04:37:17.589550" elapsed="0.016186"/>
</kw>
<kw name="Clear Element Text" owner="SeleniumLibrary">
<arg>xpath=//input[@placeholder='Search menu']</arg>
<doc>Clears the value of the text-input-element identified by ``locator``.</doc>
<status status="PASS" start="2025-12-23T04:37:17.605873" elapsed="0.021043"/>
</kw>
<arg>${ITEM_MILK}</arg>
<arg>Milk</arg>
<status status="PASS" start="2025-12-23T04:37:16.138722" elapsed="1.488320"/>
</kw>
<kw name="Close Browser" owner="SeleniumLibrary" type="TEARDOWN">
<doc>Closes the current browser.</doc>
<status status="PASS" start="2025-12-23T04:37:17.627326" elapsed="0.128126"/>
</kw>
<status status="PASS" start="2025-12-23T04:37:11.709677" elapsed="6.045924"/>
</test>
<test id="s1-t8" name="TC-08: Verify User click in 'Milk' category with side menu" line="46">
<kw name="Open Browser To Menu Page" type="SETUP">
<kw name="Open Browser" owner="SeleniumLibrary">
<msg time="2025-12-23T04:37:17.758033" level="INFO">Opening browser 'chrome' to base url 'http://localhost:3001/menu-page'.</msg>
<arg>${URL_MENU}</arg>
<arg>${BROWSER}</arg>
<doc>Opens a new browser instance to the optional ``url``.</doc>
<status status="PASS" start="2025-12-23T04:37:17.757740" elapsed="2.644230"/>
</kw>
<kw name="Maximize Browser Window" owner="SeleniumLibrary">
<doc>Maximizes current browser window.</doc>
<status status="PASS" start="2025-12-23T04:37:20.405807" elapsed="0.343507"/>
</kw>
<kw name="Wait Until Element Is Visible" owner="SeleniumLibrary">
<arg>xpath=//input[@placeholder='Search menu']</arg>
<arg>timeout=10s</arg>
<doc>Waits until the element ``locator`` is visible.</doc>
<status status="PASS" start="2025-12-23T04:37:20.749571" elapsed="0.066961"/>
</kw>
<kw name="Wait Until Element Is Visible" owner="SeleniumLibrary">
<arg>xpath=//h3</arg>
<arg>timeout=10s</arg>
<doc>Waits until the element ``locator`` is visible.</doc>
<status status="PASS" start="2025-12-23T04:37:20.816756" elapsed="0.587495"/>
</kw>
<status status="PASS" start="2025-12-23T04:37:17.757351" elapsed="3.647336"/>
</kw>
<kw name="Click Side Menu And Verify Header">
<kw name="Set Variable" owner="BuiltIn">
<msg time="2025-12-23T04:37:21.406264" level="INFO">${menu_link} = xpath=//aside//a[contains(text(), 'Milk')]</msg>
<var>${menu_link}</var>
<arg>xpath=//aside//a[contains(text(), '${category_name}')]</arg>
<doc>Returns the given values which can then be assigned to a variables.</doc>
<status status="PASS" start="2025-12-23T04:37:21.406011" elapsed="0.000295"/>
</kw>
<kw name="JS Click Element">
<kw name="Wait Until Page Contains Element" owner="SeleniumLibrary">
<arg>${xpath}</arg>
<arg>timeout=10s</arg>
<doc>Waits until the element ``locator`` appears on the current page.</doc>
<status status="PASS" start="2025-12-23T04:37:21.407406" elapsed="0.014153"/>
</kw>
<kw name="Get WebElement" owner="SeleniumLibrary">
<msg time="2025-12-23T04:37:21.431021" level="INFO">${element} = &lt;selenium.webdriver.remote.webelement.WebElement (session="34a861d98bd6563c4962cbf169c5d042", element="f.FA9A55F1FCED08A1623224BB0E3C7969.d.7CF617B9DD003BF4B64D25B75D1C65D7.e.95")&gt;</msg>
<var>${element}</var>
<arg>${xpath}</arg>
<doc>Returns the first WebElement matching the given ``locator``.</doc>
<status status="PASS" start="2025-12-23T04:37:21.421740" elapsed="0.009329"/>
</kw>
<kw name="Execute Javascript" owner="SeleniumLibrary">
<msg time="2025-12-23T04:37:21.438415" level="INFO">Executing JavaScript:
arguments[0].scrollIntoView({block: "center"});
By using argument:
'&lt;selenium.webdriver.remote.webelement.WebElement (session="34a861d98bd6563c4962cbf169c5d042", element="f.FA9A55F1FCED08A1623224BB0E3C7969.d.7CF617B9DD003BF4B64D25B75D1C65D7.e.95")&gt;'</msg>
<arg>arguments[0].scrollIntoView({block: "center"});</arg>
<arg>ARGUMENTS</arg>
<arg>${element}</arg>
<doc>Executes the given JavaScript code with possible arguments.</doc>
<status status="PASS" start="2025-12-23T04:37:21.431409" elapsed="0.085200"/>
</kw>
<kw name="Sleep" owner="BuiltIn">
<msg time="2025-12-23T04:37:22.017932" level="INFO">Slept 500 milliseconds.</msg>
<arg>0.5s</arg>
<doc>Pauses the test executed for the given time.</doc>
<status status="PASS" start="2025-12-23T04:37:21.516978" elapsed="0.501126"/>
</kw>
<kw name="Execute Javascript" owner="SeleniumLibrary">
<msg time="2025-12-23T04:37:22.019779" level="INFO">Executing JavaScript:
arguments[0].click();
By using argument:
'&lt;selenium.webdriver.remote.webelement.WebElement (session="34a861d98bd6563c4962cbf169c5d042", element="f.FA9A55F1FCED08A1623224BB0E3C7969.d.7CF617B9DD003BF4B64D25B75D1C65D7.e.95")&gt;'</msg>
<arg>arguments[0].click();</arg>
<arg>ARGUMENTS</arg>
<arg>${element}</arg>
<doc>Executes the given JavaScript code with possible arguments.</doc>
<status status="PASS" start="2025-12-23T04:37:22.018349" elapsed="0.018350"/>
</kw>
<arg>${menu_link}</arg>
<doc>ท่าไม้ตาย: เลื่อนหา + กดด้วย JavaScript (ทะลุทุกสิ่งกีดขวาง)</doc>
<status status="PASS" start="2025-12-23T04:37:21.407134" elapsed="0.629703"/>
</kw>
<kw name="Wait Until Element Is Visible" owner="SeleniumLibrary">
<arg>xpath=//h2[contains(text(), '${category_name}')]</arg>
<arg>timeout=5s</arg>
<doc>Waits until the element ``locator`` is visible.</doc>
<status status="PASS" start="2025-12-23T04:37:22.036991" elapsed="0.017494"/>
</kw>
<arg>Milk</arg>
<status status="PASS" start="2025-12-23T04:37:21.405498" elapsed="0.649107"/>
</kw>
<kw name="Close Browser" owner="SeleniumLibrary" type="TEARDOWN">
<doc>Closes the current browser.</doc>
<status status="PASS" start="2025-12-23T04:37:22.054912" elapsed="0.171676"/>
</kw>
<status status="PASS" start="2025-12-23T04:37:17.756501" elapsed="4.470245"/>
</test>
<test id="s1-t9" name="TC-09: User can click add menu in 'Milk' category" line="48">
<kw name="Open Browser To Menu Page" type="SETUP">
<kw name="Open Browser" owner="SeleniumLibrary">
<msg time="2025-12-23T04:37:22.230126" level="INFO">Opening browser 'chrome' to base url 'http://localhost:3001/menu-page'.</msg>
<arg>${URL_MENU}</arg>
<arg>${BROWSER}</arg>
<doc>Opens a new browser instance to the optional ``url``.</doc>
<status status="PASS" start="2025-12-23T04:37:22.228915" elapsed="2.366022"/>
</kw>
<kw name="Maximize Browser Window" owner="SeleniumLibrary">
<doc>Maximizes current browser window.</doc>
<status status="PASS" start="2025-12-23T04:37:24.596257" elapsed="0.336840"/>
</kw>
<kw name="Wait Until Element Is Visible" owner="SeleniumLibrary">
<arg>xpath=//input[@placeholder='Search menu']</arg>
<arg>timeout=10s</arg>
<doc>Waits until the element ``locator`` is visible.</doc>
<status status="PASS" start="2025-12-23T04:37:24.933439" elapsed="0.048788"/>
</kw>
<kw name="Wait Until Element Is Visible" owner="SeleniumLibrary">
<arg>xpath=//h3</arg>
<arg>timeout=10s</arg>
<doc>Waits until the element ``locator`` is visible.</doc>
<status status="PASS" start="2025-12-23T04:37:24.982451" elapsed="0.619882"/>
</kw>
<status status="PASS" start="2025-12-23T04:37:22.228196" elapsed="3.374500"/>
</kw>
<kw name="Select Item And Add To Cart">
<kw name="Select Item To Detail Page">
<kw name="Set Variable" owner="BuiltIn">
<msg time="2025-12-23T04:37:25.606933" level="INFO">${card_xpath} = xpath=//h3[contains(., 'Milk')]/ancestor::a</msg>
<var>${card_xpath}</var>
<arg>xpath=//h3[contains(., '${item_name}')]/ancestor::a</arg>
<doc>Returns the given values which can then be assigned to a variables.</doc>
<status status="PASS" start="2025-12-23T04:37:25.606635" elapsed="0.000343"/>
</kw>
<kw name="JS Click Element">
<kw name="Wait Until Page Contains Element" owner="SeleniumLibrary">
<arg>${xpath}</arg>
<arg>timeout=10s</arg>
<doc>Waits until the element ``locator`` appears on the current page.</doc>
<status status="PASS" start="2025-12-23T04:37:25.607349" elapsed="0.012507"/>
</kw>
<kw name="Get WebElement" owner="SeleniumLibrary">
<msg time="2025-12-23T04:37:25.628818" level="INFO">${element} = &lt;selenium.webdriver.remote.webelement.WebElement (session="67136f405bb4e12654fe88a1df8419e4", element="f.C1748EE2DC977CE9809B391035D6FC44.d.CD30179CDBF1D374BAE6867F07A9AC9D.e.96")&gt;</msg>
<var>${element}</var>
<arg>${xpath}</arg>
<doc>Returns the first WebElement matching the given ``locator``.</doc>
<status status="PASS" start="2025-12-23T04:37:25.620061" elapsed="0.008863"/>
</kw>
<kw name="Execute Javascript" owner="SeleniumLibrary">
<msg time="2025-12-23T04:37:25.634630" level="INFO">Executing JavaScript:
arguments[0].scrollIntoView({block: "center"});
By using argument:
'&lt;selenium.webdriver.remote.webelement.WebElement (session="67136f405bb4e12654fe88a1df8419e4", element="f.C1748EE2DC977CE9809B391035D6FC44.d.CD30179CDBF1D374BAE6867F07A9AC9D.e.96")&gt;'</msg>
<arg>arguments[0].scrollIntoView({block: "center"});</arg>
<arg>ARGUMENTS</arg>
<arg>${element}</arg>
<doc>Executes the given JavaScript code with possible arguments.</doc>
<status status="PASS" start="2025-12-23T04:37:25.629242" elapsed="0.013017"/>
</kw>
<kw name="Sleep" owner="BuiltIn">
<msg time="2025-12-23T04:37:26.145263" level="INFO">Slept 500 milliseconds.</msg>
<arg>0.5s</arg>
<doc>Pauses the test executed for the given time.</doc>
<status status="PASS" start="2025-12-23T04:37:25.642659" elapsed="0.502875"/>
</kw>
<kw name="Execute Javascript" owner="SeleniumLibrary">
<msg time="2025-12-23T04:37:26.146399" level="INFO">Executing JavaScript:
arguments[0].click();
By using argument:
'&lt;selenium.webdriver.remote.webelement.WebElement (session="67136f405bb4e12654fe88a1df8419e4", element="f.C1748EE2DC977CE9809B391035D6FC44.d.CD30179CDBF1D374BAE6867F07A9AC9D.e.96")&gt;'</msg>
<arg>arguments[0].click();</arg>
<arg>ARGUMENTS</arg>
<arg>${element}</arg>
<doc>Executes the given JavaScript code with possible arguments.</doc>
<status status="PASS" start="2025-12-23T04:37:26.145715" elapsed="0.012638"/>
</kw>
<arg>${card_xpath}</arg>
<doc>ท่าไม้ตาย: เลื่อนหา + กดด้วย JavaScript (ทะลุทุกสิ่งกีดขวาง)</doc>
<status status="PASS" start="2025-12-23T04:37:25.607127" elapsed="0.551333"/>
</kw>
<kw name="Wait Until Location Contains" owner="SeleniumLibrary">
<arg>menuDetail</arg>
<arg>timeout=5s</arg>
<doc>Waits until the current URL contains ``expected``.</doc>
<status status="PASS" start="2025-12-23T04:37:26.158582" elapsed="0.212651"/>
</kw>
<arg>${item_name}</arg>
<doc>คลิกที่การ์ดสินค้าเพื่อเข้าหน้า Detail</doc>
<status status="PASS" start="2025-12-23T04:37:25.606352" elapsed="0.765090"/>
</kw>
<kw name="Click Add To Cart Button">
<kw name="Set Variable" owner="BuiltIn">
<msg time="2025-12-23T04:37:26.372001" level="INFO">${add_btn} = xpath=//button[contains(., 'Add')]</msg>
<var>${add_btn}</var>
<arg>xpath=//button[contains(., 'Add')]</arg>
<doc>Returns the given values which can then be assigned to a variables.</doc>
<status status="PASS" start="2025-12-23T04:37:26.371885" elapsed="0.000139"/>
</kw>
<kw name="JS Click Element">
<kw name="Wait Until Page Contains Element" owner="SeleniumLibrary">
<arg>${xpath}</arg>
<arg>timeout=10s</arg>
<doc>Waits until the element ``locator`` appears on the current page.</doc>
<status status="PASS" start="2025-12-23T04:37:26.372303" elapsed="0.429747"/>
</kw>
<kw name="Get WebElement" owner="SeleniumLibrary">
<msg time="2025-12-23T04:37:26.808304" level="INFO">${element} = &lt;selenium.webdriver.remote.webelement.WebElement (session="67136f405bb4e12654fe88a1df8419e4", element="f.C1748EE2DC977CE9809B391035D6FC44.d.CD30179CDBF1D374BAE6867F07A9AC9D.e.107")&gt;</msg>
<var>${element}</var>
<arg>${xpath}</arg>
<doc>Returns the first WebElement matching the given ``locator``.</doc>
<status status="PASS" start="2025-12-23T04:37:26.802207" elapsed="0.006141"/>
</kw>
<kw name="Execute Javascript" owner="SeleniumLibrary">
<msg time="2025-12-23T04:37:26.808918" level="INFO">Executing JavaScript:
arguments[0].scrollIntoView({block: "center"});
By using argument:
'&lt;selenium.webdriver.remote.webelement.WebElement (session="67136f405bb4e12654fe88a1df8419e4", element="f.C1748EE2DC977CE9809B391035D6FC44.d.CD30179CDBF1D374BAE6867F07A9AC9D.e.107")&gt;'</msg>
<arg>arguments[0].scrollIntoView({block: "center"});</arg>
<arg>ARGUMENTS</arg>
<arg>${element}</arg>
<doc>Executes the given JavaScript code with possible arguments.</doc>
<status status="PASS" start="2025-12-23T04:37:26.808499" elapsed="0.004478"/>
</kw>
<kw name="Sleep" owner="BuiltIn">
<msg time="2025-12-23T04:37:27.315834" level="INFO">Slept 500 milliseconds.</msg>
<arg>0.5s</arg>
<doc>Pauses the test executed for the given time.</doc>
<status status="PASS" start="2025-12-23T04:37:26.813136" elapsed="0.502912"/>
</kw>
<kw name="Execute Javascript" owner="SeleniumLibrary">
<msg time="2025-12-23T04:37:27.316744" level="INFO">Executing JavaScript:
arguments[0].click();
By using argument:
'&lt;selenium.webdriver.remote.webelement.WebElement (session="67136f405bb4e12654fe88a1df8419e4", element="f.C1748EE2DC977CE9809B391035D6FC44.d.CD30179CDBF1D374BAE6867F07A9AC9D.e.107")&gt;'</msg>
<arg>arguments[0].click();</arg>
<arg>ARGUMENTS</arg>
<arg>${element}</arg>
<doc>Executes the given JavaScript code with possible arguments.</doc>
<status status="PASS" start="2025-12-23T04:37:27.316253" elapsed="0.010623"/>
</kw>
<arg>${add_btn}</arg>
<doc>ท่าไม้ตาย: เลื่อนหา + กดด้วย JavaScript (ทะลุทุกสิ่งกีดขวาง)</doc>
<status status="PASS" start="2025-12-23T04:37:26.372124" elapsed="0.954868"/>
</kw>
<kw name="Wait Until Location Contains" owner="SeleniumLibrary">
<arg>basket</arg>
<arg>timeout=10s</arg>
<doc>Waits until the current URL contains ``expected``.</doc>
<status status="PASS" start="2025-12-23T04:37:27.327106" elapsed="0.212128"/>
</kw>
<doc>กดปุ่ม Add แล้วรอให้เด้งไปหน้า Basket</doc>
<status status="PASS" start="2025-12-23T04:37:26.371649" elapsed="1.167707"/>
</kw>
<arg>${ITEM_MILK}</arg>
<doc>แบบ Basic: กดเข้า -&gt; กด Add -&gt; จบที่ตะกร้า</doc>
<status status="PASS" start="2025-12-23T04:37:25.605609" elapsed="1.933803"/>
</kw>
<kw name="Close Browser" owner="SeleniumLibrary" type="TEARDOWN">
<doc>Closes the current browser.</doc>
<status status="PASS" start="2025-12-23T04:37:27.539688" elapsed="0.143772"/>
</kw>
<status status="PASS" start="2025-12-23T04:37:22.227489" elapsed="5.456151"/>
</test>
<test id="s1-t10" name="TC-19: Verify search in 'Dessert' category" line="52">
<kw name="Open Browser To Menu Page" type="SETUP">
<kw name="Open Browser" owner="SeleniumLibrary">
<msg time="2025-12-23T04:37:27.685197" level="INFO">Opening browser 'chrome' to base url 'http://localhost:3001/menu-page'.</msg>
<arg>${URL_MENU}</arg>
<arg>${BROWSER}</arg>
<doc>Opens a new browser instance to the optional ``url``.</doc>
<status status="PASS" start="2025-12-23T04:37:27.684961" elapsed="1.892955"/>
</kw>
<kw name="Maximize Browser Window" owner="SeleniumLibrary">
<doc>Maximizes current browser window.</doc>
<status status="PASS" start="2025-12-23T04:37:29.579622" elapsed="0.342215"/>
</kw>
<kw name="Wait Until Element Is Visible" owner="SeleniumLibrary">
<arg>xpath=//input[@placeholder='Search menu']</arg>
<arg>timeout=10s</arg>
<doc>Waits until the element ``locator`` is visible.</doc>
<status status="PASS" start="2025-12-23T04:37:29.922459" elapsed="0.091561"/>
</kw>
<kw name="Wait Until Element Is Visible" owner="SeleniumLibrary">
<arg>xpath=//h3</arg>
<arg>timeout=10s</arg>
<doc>Waits until the element ``locator`` is visible.</doc>
<status status="PASS" start="2025-12-23T04:37:30.015488" elapsed="0.593844"/>
</kw>
<status status="PASS" start="2025-12-23T04:37:27.684665" elapsed="2.924894"/>
</kw>
<kw name="Search And Verify Item In Category">
<kw name="Input Text" owner="SeleniumLibrary">
<msg time="2025-12-23T04:37:30.610718" level="INFO">Typing text 'Cheesecake' into text field 'xpath=//input[@placeholder='Search menu']'.</msg>
<arg>xpath=//input[@placeholder='Search menu']</arg>
<arg>${item_name}</arg>
<doc>Types the given ``text`` into the text field identified by ``locator``.</doc>
<status status="PASS" start="2025-12-23T04:37:30.610495" elapsed="0.380179"/>
</kw>
<kw name="Sleep" owner="BuiltIn">
<msg time="2025-12-23T04:37:31.995178" level="INFO">Slept 1 second.</msg>
<arg>1s</arg>
<doc>Pauses the test executed for the given time.</doc>
<status status="PASS" start="2025-12-23T04:37:30.992712" elapsed="1.002827"/>
</kw>
<kw name="Wait Until Element Is Visible" owner="SeleniumLibrary">
<msg time="2025-12-23T04:37:37.286962" level="INFO" html="true">&lt;/td&gt;&lt;/tr&gt;&lt;tr&gt;&lt;td colspan="3"&gt;&lt;a href="selenium-screenshot-184.png"&gt;&lt;img src="selenium-screenshot-184.png" width="800px"&gt;&lt;/a&gt;</msg>
<msg time="2025-12-23T04:37:37.287717" level="FAIL">Element 'id=Dessert' not visible after 5 seconds.</msg>
<arg>id=${category_id}</arg>
<arg>timeout=5s</arg>
<doc>Waits until the element ``locator`` is visible.</doc>
<status status="FAIL" start="2025-12-23T04:37:31.996162" elapsed="5.297550">Element 'id=Dessert' not visible after 5 seconds.</status>
</kw>
<kw name="Element Should Be Visible" owner="SeleniumLibrary">
<arg>xpath=//section[@id='${category_id}']//h3[contains(text(), '${item_name}')]</arg>
<doc>Verifies that the element identified by ``locator`` is visible.</doc>
<status status="NOT RUN" start="2025-12-23T04:37:37.294334" elapsed="0.000073"/>
</kw>
<kw name="Clear Element Text" owner="SeleniumLibrary">
<arg>xpath=//input[@placeholder='Search menu']</arg>
<doc>Clears the value of the text-input-element identified by ``locator``.</doc>
<status status="NOT RUN" start="2025-12-23T04:37:37.294481" elapsed="0.000018"/>
</kw>
<arg>${ITEM_DESSERT}</arg>
<arg>Dessert</arg>
<status status="FAIL" start="2025-12-23T04:37:30.610049" elapsed="6.684591">Element 'id=Dessert' not visible after 5 seconds.</status>
</kw>
<kw name="Close Browser" owner="SeleniumLibrary" type="TEARDOWN">
<doc>Closes the current browser.</doc>
<status status="PASS" start="2025-12-23T04:37:37.295006" elapsed="0.183005"/>
</kw>
<status status="FAIL" start="2025-12-23T04:37:27.684159" elapsed="9.794293">Element 'id=Dessert' not visible after 5 seconds.</status>
</test>
<test id="s1-t11" name="TC-20: Verify User click in 'Dessert' category with side menu" line="54">
<kw name="Open Browser To Menu Page" type="SETUP">
<kw name="Open Browser" owner="SeleniumLibrary">
<msg time="2025-12-23T04:37:37.480987" level="INFO">Opening browser 'chrome' to base url 'http://localhost:3001/menu-page'.</msg>
<arg>${URL_MENU}</arg>
<arg>${BROWSER}</arg>
<doc>Opens a new browser instance to the optional ``url``.</doc>
<status status="PASS" start="2025-12-23T04:37:37.480649" elapsed="4.005604"/>
</kw>
<kw name="Maximize Browser Window" owner="SeleniumLibrary">
<doc>Maximizes current browser window.</doc>
<status status="PASS" start="2025-12-23T04:37:41.489205" elapsed="0.381125"/>
</kw>
<kw name="Wait Until Element Is Visible" owner="SeleniumLibrary">
<arg>xpath=//input[@placeholder='Search menu']</arg>
<arg>timeout=10s</arg>
<doc>Waits until the element ``locator`` is visible.</doc>
<status status="PASS" start="2025-12-23T04:37:41.871512" elapsed="0.149254"/>
</kw>
<kw name="Wait Until Element Is Visible" owner="SeleniumLibrary">
<arg>xpath=//h3</arg>
<arg>timeout=10s</arg>
<doc>Waits until the element ``locator`` is visible.</doc>
<status status="PASS" start="2025-12-23T04:37:42.021351" elapsed="0.626295"/>
</kw>
<status status="PASS" start="2025-12-23T04:37:37.480118" elapsed="5.167710"/>
</kw>
<kw name="Click Side Menu And Verify Header">
<kw name="Set Variable" owner="BuiltIn">
<msg time="2025-12-23T04:37:42.649373" level="INFO">${menu_link} = xpath=//aside//a[contains(text(), 'Dessert')]</msg>
<var>${menu_link}</var>
<arg>xpath=//aside//a[contains(text(), '${category_name}')]</arg>
<doc>Returns the given values which can then be assigned to a variables.</doc>
<status status="PASS" start="2025-12-23T04:37:42.649043" elapsed="0.000375"/>
</kw>
<kw name="JS Click Element">
<kw name="Wait Until Page Contains Element" owner="SeleniumLibrary">
<arg>${xpath}</arg>
<arg>timeout=10s</arg>
<doc>Waits until the element ``locator`` appears on the current page.</doc>
<status status="PASS" start="2025-12-23T04:37:42.650990" elapsed="0.028275"/>
</kw>
<kw name="Get WebElement" owner="SeleniumLibrary">
<msg time="2025-12-23T04:37:42.690961" level="INFO">${element} = &lt;selenium.webdriver.remote.webelement.WebElement (session="025a1c0fb766ad2b6c87bb7e590c09d8", element="f.876CF6F42877A6D91068947C4258EB87.d.8FAA7FFAEA22BC823813A0DF0B0665D2.e.98")&gt;</msg>
<var>${element}</var>
<arg>${xpath}</arg>
<doc>Returns the first WebElement matching the given ``locator``.</doc>
<status status="PASS" start="2025-12-23T04:37:42.679565" elapsed="0.011465"/>
</kw>
<kw name="Execute Javascript" owner="SeleniumLibrary">
<msg time="2025-12-23T04:37:42.699159" level="INFO">Executing JavaScript:
arguments[0].scrollIntoView({block: "center"});
By using argument:
'&lt;selenium.webdriver.remote.webelement.WebElement (session="025a1c0fb766ad2b6c87bb7e590c09d8", element="f.876CF6F42877A6D91068947C4258EB87.d.8FAA7FFAEA22BC823813A0DF0B0665D2.e.98")&gt;'</msg>
<arg>arguments[0].scrollIntoView({block: "center"});</arg>
<arg>ARGUMENTS</arg>
<arg>${element}</arg>
<doc>Executes the given JavaScript code with possible arguments.</doc>
<status status="PASS" start="2025-12-23T04:37:42.691512" elapsed="0.092060"/>
</kw>
<kw name="Sleep" owner="BuiltIn">
<msg time="2025-12-23T04:37:43.285950" level="INFO">Slept 500 milliseconds.</msg>
<arg>0.5s</arg>
<doc>Pauses the test executed for the given time.</doc>
<status status="PASS" start="2025-12-23T04:37:42.784232" elapsed="0.501858"/>
</kw>
<kw name="Execute Javascript" owner="SeleniumLibrary">
<msg time="2025-12-23T04:37:43.286821" level="INFO">Executing JavaScript:
arguments[0].click();
By using argument:
'&lt;selenium.webdriver.remote.webelement.WebElement (session="025a1c0fb766ad2b6c87bb7e590c09d8", element="f.876CF6F42877A6D91068947C4258EB87.d.8FAA7FFAEA22BC823813A0DF0B0665D2.e.98")&gt;'</msg>
<arg>arguments[0].click();</arg>
<arg>ARGUMENTS</arg>
<arg>${element}</arg>
<doc>Executes the given JavaScript code with possible arguments.</doc>
<status status="PASS" start="2025-12-23T04:37:43.286288" elapsed="0.011189"/>
</kw>
<arg>${menu_link}</arg>
<doc>ท่าไม้ตาย: เลื่อนหา + กดด้วย JavaScript (ทะลุทุกสิ่งกีดขวาง)</doc>
<status status="PASS" start="2025-12-23T04:37:42.650574" elapsed="0.647030"/>
</kw>
<kw name="Wait Until Element Is Visible" owner="SeleniumLibrary">
<arg>xpath=//h2[contains(text(), '${category_name}')]</arg>
<arg>timeout=5s</arg>
<doc>Waits until the element ``locator`` is visible.</doc>
<status status="PASS" start="2025-12-23T04:37:43.297731" elapsed="0.019769"/>
</kw>
<arg>Dessert</arg>
<status status="PASS" start="2025-12-23T04:37:42.648334" elapsed="0.669302"/>
</kw>
<kw name="Close Browser" owner="SeleniumLibrary" type="TEARDOWN">
<doc>Closes the current browser.</doc>
<status status="PASS" start="2025-12-23T04:37:43.317927" elapsed="0.183482"/>
</kw>
<status status="PASS" start="2025-12-23T04:37:37.479065" elapsed="6.022491"/>
</test>
<test id="s1-t12" name="TC-21: User can click add menu in 'Dessert' and go to Basket" line="56">
<kw name="Open Browser To Menu Page" type="SETUP">
<kw name="Open Browser" owner="SeleniumLibrary">
<msg time="2025-12-23T04:37:43.502997" level="INFO">Opening browser 'chrome' to base url 'http://localhost:3001/menu-page'.</msg>
<arg>${URL_MENU}</arg>
<arg>${BROWSER}</arg>
<doc>Opens a new browser instance to the optional ``url``.</doc>
<status status="PASS" start="2025-12-23T04:37:43.502767" elapsed="4.533659"/>
</kw>
<kw name="Maximize Browser Window" owner="SeleniumLibrary">
<doc>Maximizes current browser window.</doc>
<status status="PASS" start="2025-12-23T04:37:48.039874" elapsed="0.450554"/>
</kw>
<kw name="Wait Until Element Is Visible" owner="SeleniumLibrary">
<arg>xpath=//input[@placeholder='Search menu']</arg>
<arg>timeout=10s</arg>
<doc>Waits until the element ``locator`` is visible.</doc>
<status status="PASS" start="2025-12-23T04:37:48.490889" elapsed="0.096656"/>
</kw>
<kw name="Wait Until Element Is Visible" owner="SeleniumLibrary">
<arg>xpath=//h3</arg>
<arg>timeout=10s</arg>
<doc>Waits until the element ``locator`` is visible.</doc>
<status status="PASS" start="2025-12-23T04:37:48.588077" elapsed="0.810954"/>
</kw>
<status status="PASS" start="2025-12-23T04:37:43.502304" elapsed="5.897620"/>
</kw>
<kw name="Select Item And Add To Cart">
<kw name="Select Item To Detail Page">
<kw name="Set Variable" owner="BuiltIn">
<msg time="2025-12-23T04:37:49.409560" level="INFO">${card_xpath} = xpath=//h3[contains(., 'Cheesecake')]/ancestor::a</msg>
<var>${card_xpath}</var>
<arg>xpath=//h3[contains(., '${item_name}')]/ancestor::a</arg>
<doc>Returns the given values which can then be assigned to a variables.</doc>
<status status="PASS" start="2025-12-23T04:37:49.409176" elapsed="0.000611"/>
</kw>
<kw name="JS Click Element">
<kw name="Wait Until Page Contains Element" owner="SeleniumLibrary">
<arg>${xpath}</arg>
<arg>timeout=10s</arg>
<doc>Waits until the element ``locator`` appears on the current page.</doc>
<status status="PASS" start="2025-12-23T04:37:49.410632" elapsed="0.011425"/>
</kw>
<kw name="Get WebElement" owner="SeleniumLibrary">
<msg time="2025-12-23T04:37:49.431794" level="INFO">${element} = &lt;selenium.webdriver.remote.webelement.WebElement (session="80741fd0926c2f110d8e5e6c565aadf4", element="f.E0524F95394E33CEA6A7C91C0FF2F0BA.d.8D0F026679380375D61DD3F80AB18351.e.99")&gt;</msg>
<var>${element}</var>
<arg>${xpath}</arg>
<doc>Returns the first WebElement matching the given ``locator``.</doc>
<status status="PASS" start="2025-12-23T04:37:49.422589" elapsed="0.009250"/>
</kw>
<kw name="Execute Javascript" owner="SeleniumLibrary">
<msg time="2025-12-23T04:37:49.436750" level="INFO">Executing JavaScript:
arguments[0].scrollIntoView({block: "center"});
By using argument:
'&lt;selenium.webdriver.remote.webelement.WebElement (session="80741fd0926c2f110d8e5e6c565aadf4", element="f.E0524F95394E33CEA6A7C91C0FF2F0BA.d.8D0F026679380375D61DD3F80AB18351.e.99")&gt;'</msg>
<arg>arguments[0].scrollIntoView({block: "center"});</arg>
<arg>ARGUMENTS</arg>
<arg>${element}</arg>
<doc>Executes the given JavaScript code with possible arguments.</doc>
<status status="PASS" start="2025-12-23T04:37:49.431994" elapsed="0.010900"/>
</kw>
<kw name="Sleep" owner="BuiltIn">
<msg time="2025-12-23T04:37:49.945541" level="INFO">Slept 500 milliseconds.</msg>
<arg>0.5s</arg>
<doc>Pauses the test executed for the given time.</doc>
<status status="PASS" start="2025-12-23T04:37:49.443085" elapsed="0.502578"/>
</kw>
<kw name="Execute Javascript" owner="SeleniumLibrary">
<msg time="2025-12-23T04:37:49.946396" level="INFO">Executing JavaScript:
arguments[0].click();
By using argument:
'&lt;selenium.webdriver.remote.webelement.WebElement (session="80741fd0926c2f110d8e5e6c565aadf4", element="f.E0524F95394E33CEA6A7C91C0FF2F0BA.d.8D0F026679380375D61DD3F80AB18351.e.99")&gt;'</msg>
<arg>arguments[0].click();</arg>
<arg>ARGUMENTS</arg>
<arg>${element}</arg>
<doc>Executes the given JavaScript code with possible arguments.</doc>
<status status="PASS" start="2025-12-23T04:37:49.945838" elapsed="0.015866"/>
</kw>
<arg>${card_xpath}</arg>
<doc>ท่าไม้ตาย: เลื่อนหา + กดด้วย JavaScript (ทะลุทุกสิ่งกีดขวาง)</doc>
<status status="PASS" start="2025-12-23T04:37:49.410144" elapsed="0.551688"/>
</kw>
<kw name="Wait Until Location Contains" owner="SeleniumLibrary">
<arg>menuDetail</arg>
<arg>timeout=5s</arg>
<doc>Waits until the current URL contains ``expected``.</doc>
<status status="PASS" start="2025-12-23T04:37:49.961972" elapsed="0.943497"/>
</kw>
<arg>${item_name}</arg>
<doc>คลิกที่การ์ดสินค้าเพื่อเข้าหน้า Detail</doc>
<status status="PASS" start="2025-12-23T04:37:49.407793" elapsed="1.499513"/>
</kw>
<kw name="Click Add To Cart Button">
<kw name="Set Variable" owner="BuiltIn">
<msg time="2025-12-23T04:37:50.915729" level="INFO">${add_btn} = xpath=//button[contains(., 'Add')]</msg>
<var>${add_btn}</var>
<arg>xpath=//button[contains(., 'Add')]</arg>
<doc>Returns the given values which can then be assigned to a variables.</doc>
<status status="PASS" start="2025-12-23T04:37:50.914535" elapsed="0.001489"/>
</kw>
<kw name="JS Click Element">
<kw name="Wait Until Page Contains Element" owner="SeleniumLibrary">
<arg>${xpath}</arg>
<arg>timeout=10s</arg>
<doc>Waits until the element ``locator`` appears on the current page.</doc>
<status status="PASS" start="2025-12-23T04:37:50.917270" elapsed="4.324631"/>
</kw>
<kw name="Get WebElement" owner="SeleniumLibrary">
<msg time="2025-12-23T04:37:55.248411" level="INFO">${element} = &lt;selenium.webdriver.remote.webelement.WebElement (session="80741fd0926c2f110d8e5e6c565aadf4", element="f.E0524F95394E33CEA6A7C91C0FF2F0BA.d.8D0F026679380375D61DD3F80AB18351.e.105")&gt;</msg>
<var>${element}</var>
<arg>${xpath}</arg>
<doc>Returns the first WebElement matching the given ``locator``.</doc>
<status status="PASS" start="2025-12-23T04:37:55.242944" elapsed="0.005517"/>
</kw>
<kw name="Execute Javascript" owner="SeleniumLibrary">
<msg time="2025-12-23T04:37:55.249353" level="INFO">Executing JavaScript:
arguments[0].scrollIntoView({block: "center"});
By using argument:
'&lt;selenium.webdriver.remote.webelement.WebElement (session="80741fd0926c2f110d8e5e6c565aadf4", element="f.E0524F95394E33CEA6A7C91C0FF2F0BA.d.8D0F026679380375D61DD3F80AB18351.e.105")&gt;'</msg>
<arg>arguments[0].scrollIntoView({block: "center"});</arg>
<arg>ARGUMENTS</arg>
<arg>${element}</arg>
<doc>Executes the given JavaScript code with possible arguments.</doc>
<status status="PASS" start="2025-12-23T04:37:55.248593" elapsed="0.003702"/>
</kw>
<kw name="Sleep" owner="BuiltIn">
<msg time="2025-12-23T04:37:55.754806" level="INFO">Slept 500 milliseconds.</msg>
<arg>0.5s</arg>
<doc>Pauses the test executed for the given time.</doc>
<status status="PASS" start="2025-12-23T04:37:55.252419" elapsed="0.502582"/>
</kw>
<kw name="Execute Javascript" owner="SeleniumLibrary">
<msg time="2025-12-23T04:37:55.756588" level="INFO">Executing JavaScript:
arguments[0].click();
By using argument:
'&lt;selenium.webdriver.remote.webelement.WebElement (session="80741fd0926c2f110d8e5e6c565aadf4", element="f.E0524F95394E33CEA6A7C91C0FF2F0BA.d.8D0F026679380375D61DD3F80AB18351.e.105")&gt;'</msg>
<arg>arguments[0].click();</arg>
<arg>ARGUMENTS</arg>
<arg>${element}</arg>
<doc>Executes the given JavaScript code with possible arguments.</doc>
<status status="PASS" start="2025-12-23T04:37:55.755307" elapsed="0.021123"/>
</kw>
<arg>${add_btn}</arg>
<doc>ท่าไม้ตาย: เลื่อนหา + กดด้วย JavaScript (ทะลุทุกสิ่งกีดขวาง)</doc>
<status status="PASS" start="2025-12-23T04:37:50.916394" elapsed="4.860316"/>
</kw>
<kw name="Wait Until Location Contains" owner="SeleniumLibrary">
<arg>basket</arg>
<arg>timeout=10s</arg>
<doc>Waits until the current URL contains ``expected``.</doc>
<status status="PASS" start="2025-12-23T04:37:55.776899" elapsed="0.211951"/>
</kw>
<doc>กดปุ่ม Add แล้วรอให้เด้งไปหน้า Basket</doc>
<status status="PASS" start="2025-12-23T04:37:50.909011" elapsed="5.079970"/>
</kw>
<arg>${ITEM_DESSERT}</arg>
<doc>แบบ Basic: กดเข้า -&gt; กด Add -&gt; จบที่ตะกร้า</doc>
<status status="PASS" start="2025-12-23T04:37:49.404995" elapsed="6.584044"/>
</kw>
<kw name="Close Browser" owner="SeleniumLibrary" type="TEARDOWN">
<doc>Closes the current browser.</doc>
<status status="PASS" start="2025-12-23T04:37:55.989372" elapsed="0.161802"/>
</kw>
<status status="PASS" start="2025-12-23T04:37:43.501845" elapsed="12.649988"/>
</test>
<test id="s1-t13" name="TC-22: Verify search in 'Other' category" line="60">
<kw name="Open Browser To Menu Page" type="SETUP">
<kw name="Open Browser" owner="SeleniumLibrary">
<msg time="2025-12-23T04:37:56.155158" level="INFO">Opening browser 'chrome' to base url 'http://localhost:3001/menu-page'.</msg>
<arg>${URL_MENU}</arg>
<arg>${BROWSER}</arg>
<doc>Opens a new browser instance to the optional ``url``.</doc>
<status status="PASS" start="2025-12-23T04:37:56.154638" elapsed="4.574345"/>
</kw>
<kw name="Maximize Browser Window" owner="SeleniumLibrary">
<doc>Maximizes current browser window.</doc>
<status status="PASS" start="2025-12-23T04:38:00.732177" elapsed="0.385145"/>
</kw>
<kw name="Wait Until Element Is Visible" owner="SeleniumLibrary">
<arg>xpath=//input[@placeholder='Search menu']</arg>
<arg>timeout=10s</arg>
<doc>Waits until the element ``locator`` is visible.</doc>
<status status="PASS" start="2025-12-23T04:38:01.117838" elapsed="0.052912"/>
</kw>
<kw name="Wait Until Element Is Visible" owner="SeleniumLibrary">
<arg>xpath=//h3</arg>
<arg>timeout=10s</arg>
<doc>Waits until the element ``locator`` is visible.</doc>
<status status="PASS" start="2025-12-23T04:38:01.171068" elapsed="0.659629"/>
</kw>
<status status="PASS" start="2025-12-23T04:37:56.154115" elapsed="5.676964"/>
</kw>
<kw name="Search And Verify Item In Category">
<kw name="Input Text" owner="SeleniumLibrary">
<msg time="2025-12-23T04:38:01.832800" level="INFO">Typing text 'Drinking Water' into text field 'xpath=//input[@placeholder='Search menu']'.</msg>
<arg>xpath=//input[@placeholder='Search menu']</arg>
<arg>${item_name}</arg>
<doc>Types the given ``text`` into the text field identified by ``locator``.</doc>
<status status="PASS" start="2025-12-23T04:38:01.832386" elapsed="0.486412"/>
</kw>
<kw name="Sleep" owner="BuiltIn">
<msg time="2025-12-23T04:38:03.319647" level="INFO">Slept 1 second.</msg>
<arg>1s</arg>
<doc>Pauses the test executed for the given time.</doc>
<status status="PASS" start="2025-12-23T04:38:02.318983" elapsed="1.000816"/>
</kw>
<kw name="Wait Until Element Is Visible" owner="SeleniumLibrary">
<msg time="2025-12-23T04:38:08.604540" level="INFO" html="true">&lt;/td&gt;&lt;/tr&gt;&lt;tr&gt;&lt;td colspan="3"&gt;&lt;a href="selenium-screenshot-185.png"&gt;&lt;img src="selenium-screenshot-185.png" width="800px"&gt;&lt;/a&gt;</msg>
<msg time="2025-12-23T04:38:08.605240" level="FAIL">Element 'id=Other' not visible after 5 seconds.</msg>
<arg>id=${category_id}</arg>
<arg>timeout=5s</arg>
<doc>Waits until the element ``locator`` is visible.</doc>
<status status="FAIL" start="2025-12-23T04:38:03.320348" elapsed="5.287987">Element 'id=Other' not visible after 5 seconds.</status>
</kw>
<kw name="Element Should Be Visible" owner="SeleniumLibrary">
<arg>xpath=//section[@id='${category_id}']//h3[contains(text(), '${item_name}')]</arg>
<doc>Verifies that the element identified by ``locator`` is visible.</doc>
<status status="NOT RUN" start="2025-12-23T04:38:08.609024" elapsed="0.000072"/>
</kw>
<kw name="Clear Element Text" owner="SeleniumLibrary">
<arg>xpath=//input[@placeholder='Search menu']</arg>
<doc>Clears the value of the text-input-element identified by ``locator``.</doc>
<status status="NOT RUN" start="2025-12-23T04:38:08.609174" elapsed="0.000018"/>
</kw>
<arg>${ITEM_OTHER}</arg>
<arg>Other</arg>
<status status="FAIL" start="2025-12-23T04:38:01.831621" elapsed="6.777719">Element 'id=Other' not visible after 5 seconds.</status>
</kw>
<kw name="Close Browser" owner="SeleniumLibrary" type="TEARDOWN">
<doc>Closes the current browser.</doc>
<status status="PASS" start="2025-12-23T04:38:08.609686" elapsed="0.167689"/>
</kw>
<status status="FAIL" start="2025-12-23T04:37:56.153609" elapsed="12.623944">Element 'id=Other' not visible after 5 seconds.</status>
</test>
<test id="s1-t14" name="TC-23: Verify User click in 'Other' category with side menu" line="62">
<kw name="Open Browser To Menu Page" type="SETUP">
<kw name="Open Browser" owner="SeleniumLibrary">
<msg time="2025-12-23T04:38:08.785648" level="INFO">Opening browser 'chrome' to base url 'http://localhost:3001/menu-page'.</msg>
<arg>${URL_MENU}</arg>
<arg>${BROWSER}</arg>
<doc>Opens a new browser instance to the optional ``url``.</doc>
<status status="PASS" start="2025-12-23T04:38:08.785097" elapsed="3.665851"/>
</kw>
<kw name="Maximize Browser Window" owner="SeleniumLibrary">
<doc>Maximizes current browser window.</doc>
<status status="PASS" start="2025-12-23T04:38:12.457096" elapsed="0.487507"/>
</kw>
<kw name="Wait Until Element Is Visible" owner="SeleniumLibrary">
<arg>xpath=//input[@placeholder='Search menu']</arg>
<arg>timeout=10s</arg>
<doc>Waits until the element ``locator`` is visible.</doc>
<status status="PASS" start="2025-12-23T04:38:12.944804" elapsed="0.305661"/>
</kw>
<kw name="Wait Until Element Is Visible" owner="SeleniumLibrary">
<arg>xpath=//h3</arg>
<arg>timeout=10s</arg>
<doc>Waits until the element ``locator`` is visible.</doc>
<status status="PASS" start="2025-12-23T04:38:13.250993" elapsed="0.565349"/>
</kw>
<status status="PASS" start="2025-12-23T04:38:08.783383" elapsed="5.033465"/>
</kw>
<kw name="Click Side Menu And Verify Header">
<kw name="Set Variable" owner="BuiltIn">
<msg time="2025-12-23T04:38:13.819293" level="INFO">${menu_link} = xpath=//aside//a[contains(text(), 'Other')]</msg>
<var>${menu_link}</var>
<arg>xpath=//aside//a[contains(text(), '${category_name}')]</arg>
<doc>Returns the given values which can then be assigned to a variables.</doc>
<status status="PASS" start="2025-12-23T04:38:13.818766" elapsed="0.000596"/>
</kw>
<kw name="JS Click Element">
<kw name="Wait Until Page Contains Element" owner="SeleniumLibrary">
<arg>${xpath}</arg>
<arg>timeout=10s</arg>
<doc>Waits until the element ``locator`` appears on the current page.</doc>
<status status="PASS" start="2025-12-23T04:38:13.821273" elapsed="0.012901"/>
</kw>
<kw name="Get WebElement" owner="SeleniumLibrary">
<msg time="2025-12-23T04:38:13.848068" level="INFO">${element} = &lt;selenium.webdriver.remote.webelement.WebElement (session="8876d3fd979d248aebd4a4ca7cbd9649", element="f.65638DECFE266B5D543313F86FECF9AF.d.38A5C2230A5E9F9131D598FCF08A169B.e.93")&gt;</msg>
<var>${element}</var>
<arg>${xpath}</arg>
<doc>Returns the first WebElement matching the given ``locator``.</doc>
<status status="PASS" start="2025-12-23T04:38:13.834577" elapsed="0.013543"/>
</kw>
<kw name="Execute Javascript" owner="SeleniumLibrary">
<msg time="2025-12-23T04:38:13.854350" level="INFO">Executing JavaScript:
arguments[0].scrollIntoView({block: "center"});
By using argument:
'&lt;selenium.webdriver.remote.webelement.WebElement (session="8876d3fd979d248aebd4a4ca7cbd9649", element="f.65638DECFE266B5D543313F86FECF9AF.d.38A5C2230A5E9F9131D598FCF08A169B.e.93")&gt;'</msg>
<arg>arguments[0].scrollIntoView({block: "center"});</arg>
<arg>ARGUMENTS</arg>
<arg>${element}</arg>
<doc>Executes the given JavaScript code with possible arguments.</doc>
<status status="PASS" start="2025-12-23T04:38:13.848319" elapsed="0.012588"/>
</kw>
<kw name="Sleep" owner="BuiltIn">
<msg time="2025-12-23T04:38:14.363870" level="INFO">Slept 500 milliseconds.</msg>
<arg>0.5s</arg>
<doc>Pauses the test executed for the given time.</doc>
<status status="PASS" start="2025-12-23T04:38:13.861218" elapsed="0.502772"/>
</kw>
<kw name="Execute Javascript" owner="SeleniumLibrary">
<msg time="2025-12-23T04:38:14.364604" level="INFO">Executing JavaScript:
arguments[0].click();
By using argument:
'&lt;selenium.webdriver.remote.webelement.WebElement (session="8876d3fd979d248aebd4a4ca7cbd9649", element="f.65638DECFE266B5D543313F86FECF9AF.d.38A5C2230A5E9F9131D598FCF08A169B.e.93")&gt;'</msg>
<arg>arguments[0].click();</arg>
<arg>ARGUMENTS</arg>
<arg>${element}</arg>
<doc>Executes the given JavaScript code with possible arguments.</doc>
<status status="PASS" start="2025-12-23T04:38:14.364155" elapsed="0.011846"/>
</kw>
<arg>${menu_link}</arg>
<doc>ท่าไม้ตาย: เลื่อนหา + กดด้วย JavaScript (ทะลุทุกสิ่งกีดขวาง)</doc>
<status status="PASS" start="2025-12-23T04:38:13.820512" elapsed="0.555605"/>
</kw>
<kw name="Wait Until Element Is Visible" owner="SeleniumLibrary">
<arg>xpath=//h2[contains(text(), '${category_name}')]</arg>
<arg>timeout=5s</arg>
<doc>Waits until the element ``locator`` is visible.</doc>
<status status="PASS" start="2025-12-23T04:38:14.376237" elapsed="0.016924"/>
</kw>
<arg>Other</arg>
<status status="PASS" start="2025-12-23T04:38:13.817779" elapsed="0.575495"/>
</kw>
<kw name="Close Browser" owner="SeleniumLibrary" type="TEARDOWN">
<doc>Closes the current browser.</doc>
<status status="PASS" start="2025-12-23T04:38:14.393555" elapsed="0.169223"/>
</kw>
<status status="PASS" start="2025-12-23T04:38:08.779124" elapsed="5.783997"/>
</test>
<test id="s1-t15" name="TC-24: User can click add menu in 'Other' and go to Basket" line="64">
<kw name="Open Browser To Menu Page" type="SETUP">
<kw name="Open Browser" owner="SeleniumLibrary">
<msg time="2025-12-23T04:38:14.565608" level="INFO">Opening browser 'chrome' to base url 'http://localhost:3001/menu-page'.</msg>
<arg>${URL_MENU}</arg>
<arg>${BROWSER}</arg>
<doc>Opens a new browser instance to the optional ``url``.</doc>
<status status="PASS" start="2025-12-23T04:38:14.565182" elapsed="2.674322"/>
</kw>
<kw name="Maximize Browser Window" owner="SeleniumLibrary">
<doc>Maximizes current browser window.</doc>
<status status="PASS" start="2025-12-23T04:38:17.251311" elapsed="0.794302"/>
</kw>
<kw name="Wait Until Element Is Visible" owner="SeleniumLibrary">
<arg>xpath=//input[@placeholder='Search menu']</arg>
<arg>timeout=10s</arg>
<doc>Waits until the element ``locator`` is visible.</doc>
<status status="PASS" start="2025-12-23T04:38:18.045833" elapsed="0.068035"/>
</kw>
<kw name="Wait Until Element Is Visible" owner="SeleniumLibrary">
<arg>xpath=//h3</arg>
<arg>timeout=10s</arg>
<doc>Waits until the element ``locator`` is visible.</doc>
<status status="PASS" start="2025-12-23T04:38:18.114268" elapsed="0.584714"/>
</kw>
<status status="PASS" start="2025-12-23T04:38:14.564447" elapsed="4.135860"/>
</kw>
<kw name="Select Item And Add To Cart">
<kw name="Select Item To Detail Page">
<kw name="Set Variable" owner="BuiltIn">
<msg time="2025-12-23T04:38:18.705763" level="INFO">${card_xpath} = xpath=//h3[contains(., 'Drinking Water')]/ancestor::a</msg>
<var>${card_xpath}</var>
<arg>xpath=//h3[contains(., '${item_name}')]/ancestor::a</arg>
<doc>Returns the given values which can then be assigned to a variables.</doc>
<status status="PASS" start="2025-12-23T04:38:18.705207" elapsed="0.000640"/>
</kw>
<kw name="JS Click Element">
<kw name="Wait Until Page Contains Element" owner="SeleniumLibrary">
<msg time="2025-12-23T04:38:29.039626" level="INFO" html="true">&lt;/td&gt;&lt;/tr&gt;&lt;tr&gt;&lt;td colspan="3"&gt;&lt;a href="selenium-screenshot-186.png"&gt;&lt;img src="selenium-screenshot-186.png" width="800px"&gt;&lt;/a&gt;</msg>
<msg time="2025-12-23T04:38:29.040367" level="FAIL">Element 'xpath=//h3[contains(., 'Drinking Water')]/ancestor::a' did not appear in 10 seconds.</msg>
<arg>${xpath}</arg>
<arg>timeout=10s</arg>
<doc>Waits until the element ``locator`` appears on the current page.</doc>
<status status="FAIL" start="2025-12-23T04:38:18.706705" elapsed="10.337043">Element 'xpath=//h3[contains(., 'Drinking Water')]/ancestor::a' did not appear in 10 seconds.</status>
</kw>
<kw name="Get WebElement" owner="SeleniumLibrary">
<var>${element}</var>
<arg>${xpath}</arg>
<doc>Returns the first WebElement matching the given ``locator``.</doc>
<status status="NOT RUN" start="2025-12-23T04:38:29.044416" elapsed="0.000077"/>
</kw>
<kw name="Execute Javascript" owner="SeleniumLibrary">
<arg>arguments[0].scrollIntoView({block: "center"});</arg>
<arg>ARGUMENTS</arg>
<arg>${element}</arg>
[...]
<arg>xpath=//*[contains(text(), '${partial_text}')]</arg>
<doc>Returns the given values which can then be assigned to a variables.</doc>
<status status="NOT RUN" start="2025-12-23T04:38:43.228044" elapsed="0.000018"/>
</kw>
<kw name="Wait Until Element Is Visible" owner="SeleniumLibrary">
<arg>${custom_xpath}</arg>
<arg>timeout=5s</arg>
<doc>Waits until the element ``locator`` is visible.</doc>
<status status="NOT RUN" start="2025-12-23T04:38:43.228143" elapsed="0.000021"/>
</kw>
<kw name="Click Element" owner="SeleniumLibrary">
<arg>${custom_xpath}</arg>
<doc>Click the element identified by ``locator``.</doc>
<status status="NOT RUN" start="2025-12-23T04:38:43.228246" elapsed="0.000018"/>
</kw>
<status status="NOT RUN" start="2025-12-23T04:38:43.227604" elapsed="0.000685"/>
</branch>
<status status="PASS" start="2025-12-23T04:38:43.053217" elapsed="0.175099"/>
</if>
<arg>Extra Espresso Shot</arg>
<doc>เลือก Dropdown โดยค้นหาจาก "บางส่วนของข้อความ" (ไม่ต้องเป๊ะก็เลือกได้)</doc>
<status status="PASS" start="2025-12-23T04:38:42.364095" elapsed="0.864337"/>
</kw>
<kw name="Select Custom Option">
<kw name="Set Variable" owner="BuiltIn">
<msg time="2025-12-23T04:38:43.229534" level="INFO">${bottom_btn} = xpath=//button[contains(., 'Add')]</msg>
<var>${bottom_btn}</var>
<arg>xpath=//button[contains(., 'Add')]</arg>
<doc>Returns the given values which can then be assigned to a variables.</doc>
<status status="PASS" start="2025-12-23T04:38:43.229272" elapsed="0.000297"/>
</kw>
<kw name="Run Keyword And Ignore Error" owner="BuiltIn">
<kw name="Scroll Element Into View" owner="SeleniumLibrary">
<arg>${bottom_btn}</arg>
<doc>Scrolls the element identified by ``locator`` into view.</doc>
<status status="PASS" start="2025-12-23T04:38:43.229984" elapsed="0.287445"/>
</kw>
<arg>Scroll Element Into View</arg>
<arg>${bottom_btn}</arg>
<doc>Runs the given keyword with the given arguments and ignores possible error.</doc>
<status status="PASS" start="2025-12-23T04:38:43.229779" elapsed="0.287759"/>
</kw>
<kw name="Sleep" owner="BuiltIn">
<msg time="2025-12-23T04:38:44.019739" level="INFO">Slept 500 milliseconds.</msg>
<arg>0.5s</arg>
<doc>Pauses the test executed for the given time.</doc>
<status status="PASS" start="2025-12-23T04:38:43.517647" elapsed="0.502296"/>
</kw>
<kw name="Set Variable" owner="BuiltIn">
<msg time="2025-12-23T04:38:44.020622" level="INFO">${option_locator} = xpath=//option[contains(., 'Vanilla')]</msg>
<var>${option_locator}</var>
<arg>xpath=//option[contains(., '${partial_text}')]</arg>
<doc>Returns the given values which can then be assigned to a variables.</doc>
<status status="PASS" start="2025-12-23T04:38:44.020208" elapsed="0.000453"/>
</kw>
<kw name="Run Keyword And Return Status" owner="BuiltIn">
<kw name="Page Should Contain Element" owner="SeleniumLibrary">
<msg time="2025-12-23T04:38:44.031015" level="INFO">Current page contains element 'xpath=//option[contains(., 'Vanilla')]'.</msg>
<arg>${option_locator}</arg>
<doc>Verifies that element ``locator`` is found on the current page.</doc>
<status status="PASS" start="2025-12-23T04:38:44.021024" elapsed="0.010077"/>
</kw>
<msg time="2025-12-23T04:38:44.031227" level="INFO">${found_option} = True</msg>
<var>${found_option}</var>
<arg>Page Should Contain Element</arg>
<arg>${option_locator}</arg>
<doc>Runs the given keyword with given arguments and returns the status as a Boolean value.</doc>
<status status="PASS" start="2025-12-23T04:38:44.020813" elapsed="0.010435"/>
</kw>
<if>
<branch type="IF" condition="${found_option}">
<kw name="Get Text" owner="SeleniumLibrary">
<msg time="2025-12-23T04:38:44.043815" level="INFO">${full_text} = Vanilla (+15.00฿)</msg>
<var>${full_text}</var>
<arg>${option_locator}</arg>
<doc>Returns the text value of the element identified by ``locator``.</doc>
<status status="PASS" start="2025-12-23T04:38:44.031569" elapsed="0.012321"/>
</kw>
<kw name="Log" owner="BuiltIn">
<msg time="2025-12-23T04:38:44.044228" level="INFO">Found full option text: Vanilla (+15.00฿)</msg>
<arg>Found full option text: ${full_text}</arg>
<doc>Logs the given message with the given level.</doc>
<status status="PASS" start="2025-12-23T04:38:44.044065" elapsed="0.000204"/>
</kw>
<kw name="Set Variable" owner="BuiltIn">
<msg time="2025-12-23T04:38:44.044564" level="INFO">${select_locator} = xpath=//option[contains(., 'Vanilla')]/..</msg>
<var>${select_locator}</var>
<arg>xpath=//option[contains(., '${partial_text}')]/..</arg>
<doc>Returns the given values which can then be assigned to a variables.</doc>
<status status="PASS" start="2025-12-23T04:38:44.044351" elapsed="0.000241"/>
</kw>
<kw name="Select From List By Label" owner="SeleniumLibrary">
<msg time="2025-12-23T04:38:44.044886" level="INFO">Selecting options from selection list 'xpath=//option[contains(., 'Vanilla')]/..' by label Vanilla (+15.00฿).</msg>
<arg>${select_locator}</arg>
<arg>${full_text}</arg>
<doc>Selects options from selection list ``locator`` by ``labels``.</doc>
<status status="PASS" start="2025-12-23T04:38:44.044694" elapsed="0.076545"/>
</kw>
<status status="PASS" start="2025-12-23T04:38:44.031412" elapsed="0.089912"/>
</branch>
<branch type="ELSE">
<kw name="Log" owner="BuiltIn">
<arg>Warning: Could not find option containing '${partial_text}' in any &lt;select&gt;. Trying custom click...</arg>
<doc>Logs the given message with the given level.</doc>
<status status="NOT RUN" start="2025-12-23T04:38:44.121481" elapsed="0.000027"/>
</kw>
<kw name="Run Keyword And Ignore Error" owner="BuiltIn">
<arg>Click Element</arg>
<arg>xpath=//*[contains(text(), 'Sweetness') or contains(text(), 'Additional')]</arg>
<doc>Runs the given keyword with the given arguments and ignores possible error.</doc>
<status status="NOT RUN" start="2025-12-23T04:38:44.121599" elapsed="0.000020"/>
</kw>
<kw name="Sleep" owner="BuiltIn">
<arg>0.5s</arg>
<doc>Pauses the test executed for the given time.</doc>
<status status="NOT RUN" start="2025-12-23T04:38:44.121676" elapsed="0.000015"/>
</kw>
<kw name="Set Variable" owner="BuiltIn">
<var>${custom_xpath}</var>
<arg>xpath=//*[contains(text(), '${partial_text}')]</arg>
<doc>Returns the given values which can then be assigned to a variables.</doc>
<status status="NOT RUN" start="2025-12-23T04:38:44.121744" elapsed="0.000015"/>
</kw>
<kw name="Wait Until Element Is Visible" owner="SeleniumLibrary">
<arg>${custom_xpath}</arg>
<arg>timeout=5s</arg>
<doc>Waits until the element ``locator`` is visible.</doc>
<status status="NOT RUN" start="2025-12-23T04:38:44.121823" elapsed="0.000023"/>
</kw>
<kw name="Click Element" owner="SeleniumLibrary">
<arg>${custom_xpath}</arg>
<doc>Click the element identified by ``locator``.</doc>
<status status="NOT RUN" start="2025-12-23T04:38:44.121907" elapsed="0.000015"/>
</kw>
<status status="NOT RUN" start="2025-12-23T04:38:44.121369" elapsed="0.000575"/>
</branch>
<status status="PASS" start="2025-12-23T04:38:44.031385" elapsed="0.090584"/>
</if>
<arg>Vanilla</arg>
<doc>เลือก Dropdown โดยค้นหาจาก "บางส่วนของข้อความ" (ไม่ต้องเป๊ะก็เลือกได้)</doc>
<status status="PASS" start="2025-12-23T04:38:43.228910" elapsed="0.893107"/>
</kw>
<kw name="Click Add To Cart Button">
<kw name="Set Variable" owner="BuiltIn">
<msg time="2025-12-23T04:38:44.122491" level="INFO">${add_btn} = xpath=//button[contains(., 'Add')]</msg>
<var>${add_btn}</var>
<arg>xpath=//button[contains(., 'Add')]</arg>
<doc>Returns the given values which can then be assigned to a variables.</doc>
<status status="PASS" start="2025-12-23T04:38:44.122373" elapsed="0.000141"/>
</kw>
<kw name="JS Click Element">
<kw name="Wait Until Page Contains Element" owner="SeleniumLibrary">
<arg>${xpath}</arg>
<arg>timeout=10s</arg>
<doc>Waits until the element ``locator`` appears on the current page.</doc>
<status status="PASS" start="2025-12-23T04:38:44.122781" elapsed="0.007275"/>
</kw>
<kw name="Get WebElement" owner="SeleniumLibrary">
<msg time="2025-12-23T04:38:44.135839" level="INFO">${element} = &lt;selenium.webdriver.remote.webelement.WebElement (session="1c307863acaf2962aa8866cf02aefcfb", element="f.D425F8908BB3646010AD018987FF993B.d.9FE4E78B60944E8DAB4A690CEAE8CB4B.e.121")&gt;</msg>
<var>${element}</var>
<arg>${xpath}</arg>
<doc>Returns the first WebElement matching the given ``locator``.</doc>
<status status="PASS" start="2025-12-23T04:38:44.130263" elapsed="0.005622"/>
</kw>
<kw name="Execute Javascript" owner="SeleniumLibrary">
<msg time="2025-12-23T04:38:44.136658" level="INFO">Executing JavaScript:
arguments[0].scrollIntoView({block: "center"});
By using argument:
'&lt;selenium.webdriver.remote.webelement.WebElement (session="1c307863acaf2962aa8866cf02aefcfb", element="f.D425F8908BB3646010AD018987FF993B.d.9FE4E78B60944E8DAB4A690CEAE8CB4B.e.121")&gt;'</msg>
<arg>arguments[0].scrollIntoView({block: "center"});</arg>
<arg>ARGUMENTS</arg>
<arg>${element}</arg>
<doc>Executes the given JavaScript code with possible arguments.</doc>
<status status="PASS" start="2025-12-23T04:38:44.136032" elapsed="0.006388"/>
</kw>
<kw name="Sleep" owner="BuiltIn">
<msg time="2025-12-23T04:38:44.643909" level="INFO">Slept 500 milliseconds.</msg>
<arg>0.5s</arg>
<doc>Pauses the test executed for the given time.</doc>
<status status="PASS" start="2025-12-23T04:38:44.142747" elapsed="0.501285"/>
</kw>
<kw name="Execute Javascript" owner="SeleniumLibrary">
<msg time="2025-12-23T04:38:44.644727" level="INFO">Executing JavaScript:
arguments[0].click();
By using argument:
'&lt;selenium.webdriver.remote.webelement.WebElement (session="1c307863acaf2962aa8866cf02aefcfb", element="f.D425F8908BB3646010AD018987FF993B.d.9FE4E78B60944E8DAB4A690CEAE8CB4B.e.121")&gt;'</msg>
<arg>arguments[0].click();</arg>
<arg>ARGUMENTS</arg>
<arg>${element}</arg>
<doc>Executes the given JavaScript code with possible arguments.</doc>
<status status="PASS" start="2025-12-23T04:38:44.644189" elapsed="0.028123"/>
</kw>
<arg>${add_btn}</arg>
<doc>ท่าไม้ตาย: เลื่อนหา + กดด้วย JavaScript (ทะลุทุกสิ่งกีดขวาง)</doc>
<status status="PASS" start="2025-12-23T04:38:44.122615" elapsed="0.549804"/>
</kw>
<kw name="Wait Until Location Contains" owner="SeleniumLibrary">
<arg>basket</arg>
<arg>timeout=10s</arg>
<doc>Waits until the current URL contains ``expected``.</doc>
<status status="PASS" start="2025-12-23T04:38:44.672538" elapsed="0.211227"/>
</kw>
<doc>กดปุ่ม Add แล้วรอให้เด้งไปหน้า Basket</doc>
<status status="PASS" start="2025-12-23T04:38:44.122185" elapsed="0.761697"/>
</kw>
<kw name="Verify Item In Basket With Option">
<kw name="Set Variable" owner="BuiltIn">
<msg time="2025-12-23T04:38:44.884550" level="INFO">${item_container} = xpath=//h3[contains(text(), 'Latte')]/..</msg>
<var>${item_container}</var>
<arg>xpath=//h3[contains(text(), '${item_name}')]/..</arg>
<doc>Returns the given values which can then be assigned to a variables.</doc>
<status status="PASS" start="2025-12-23T04:38:44.884400" elapsed="0.000177"/>
</kw>
<kw name="Wait Until Element Is Visible" owner="SeleniumLibrary">
<arg>${item_container}</arg>
<arg>timeout=5s</arg>
<doc>Waits until the element ``locator`` is visible.</doc>
<status status="PASS" start="2025-12-23T04:38:44.884677" elapsed="0.014537"/>
</kw>
<kw name="Element Should Contain" owner="SeleniumLibrary">
<msg time="2025-12-23T04:38:44.913143" level="INFO">Element 'xpath=//h3[contains(text(), 'Latte')]/..' contains text 'Extra Espresso Shot'.</msg>
<arg>${item_container}</arg>
<arg>${expected_option}</arg>
<doc>Verifies that element ``locator`` contains text ``expected``.</doc>
<status status="PASS" start="2025-12-23T04:38:44.899371" elapsed="0.013890"/>
</kw>
<kw name="Log" owner="BuiltIn">
<msg time="2025-12-23T04:38:44.913681" level="INFO">Success: Found 'Latte' with option 'Extra Espresso Shot' in basket.</msg>
<arg>Success: Found '${item_name}' with option '${expected_option}' in basket.</arg>
<doc>Logs the given message with the given level.</doc>
<status status="PASS" start="2025-12-23T04:38:44.913503" elapsed="0.000213"/>
</kw>
<arg>${ITEM_LATTE}</arg>
<arg>Extra Espresso Shot</arg>
<doc>เช็คชื่อเมนู และเช็คว่ามี Option ตัวเล็กๆ ห้อยท้ายมาด้วยไหม</doc>
<status status="PASS" start="2025-12-23T04:38:44.884111" elapsed="0.029657"/>
</kw>
<kw name="Verify Item In Basket With Option">
<kw name="Set Variable" owner="BuiltIn">
<msg time="2025-12-23T04:38:44.914268" level="INFO">${item_container} = xpath=//h3[contains(text(), 'Latte')]/..</msg>
<var>${item_container}</var>
<arg>xpath=//h3[contains(text(), '${item_name}')]/..</arg>
<doc>Returns the given values which can then be assigned to a variables.</doc>
<status status="PASS" start="2025-12-23T04:38:44.914132" elapsed="0.000157"/>
</kw>
<kw name="Wait Until Element Is Visible" owner="SeleniumLibrary">
<arg>${item_container}</arg>
<arg>timeout=5s</arg>
<doc>Waits until the element ``locator`` is visible.</doc>
<status status="PASS" start="2025-12-23T04:38:44.914364" elapsed="0.010921"/>
</kw>
<kw name="Element Should Contain" owner="SeleniumLibrary">
<msg time="2025-12-23T04:38:44.938949" level="INFO">Element 'xpath=//h3[contains(text(), 'Latte')]/..' contains text 'Vanilla'.</msg>
<arg>${item_container}</arg>
<arg>${expected_option}</arg>
<doc>Verifies that element ``locator`` contains text ``expected``.</doc>
<status status="PASS" start="2025-12-23T04:38:44.925571" elapsed="0.013464"/>
</kw>
<kw name="Log" owner="BuiltIn">
<msg time="2025-12-23T04:38:44.939365" level="INFO">Success: Found 'Latte' with option 'Vanilla' in basket.</msg>
<arg>Success: Found '${item_name}' with option '${expected_option}' in basket.</arg>
<doc>Logs the given message with the given level.</doc>
<status status="PASS" start="2025-12-23T04:38:44.939180" elapsed="0.000223"/>
</kw>
<arg>${ITEM_LATTE}</arg>
<arg>Vanilla</arg>
<doc>เช็คชื่อเมนู และเช็คว่ามี Option ตัวเล็กๆ ห้อยท้ายมาด้วยไหม</doc>
<status status="PASS" start="2025-12-23T04:38:44.913926" elapsed="0.025532"/>
</kw>
<kw name="Close Browser" owner="SeleniumLibrary" type="TEARDOWN">
<doc>Closes the current browser.</doc>
<status status="PASS" start="2025-12-23T04:38:44.939664" elapsed="0.179616"/>
</kw>
<doc>สั่งลาเต้ เพิ่มช็อต และ ไซรัป (หลาย Option)</doc>
<status status="PASS" start="2025-12-23T04:38:37.248992" elapsed="7.870637"/>
</test>
<test id="s1-t18" name="TC-27: Order Espresso with 50% Sweetness" line="103">
<kw name="Open Browser To Menu Page" type="SETUP">
<kw name="Open Browser" owner="SeleniumLibrary">
<msg time="2025-12-23T04:38:45.123198" level="INFO">Opening browser 'chrome' to base url 'http://localhost:3001/menu-page'.</msg>
<arg>${URL_MENU}</arg>
<arg>${BROWSER}</arg>
<doc>Opens a new browser instance to the optional ``url``.</doc>
<status status="PASS" start="2025-12-23T04:38:45.122663" elapsed="3.966778"/>
</kw>
<kw name="Maximize Browser Window" owner="SeleniumLibrary">
<doc>Maximizes current browser window.</doc>
<status status="PASS" start="2025-12-23T04:38:49.092245" elapsed="0.345710"/>
</kw>
<kw name="Wait Until Element Is Visible" owner="SeleniumLibrary">
<arg>xpath=//input[@placeholder='Search menu']</arg>
<arg>timeout=10s</arg>
<doc>Waits until the element ``locator`` is visible.</doc>
<status status="PASS" start="2025-12-23T04:38:49.440828" elapsed="0.176019"/>
</kw>
<kw name="Wait Until Element Is Visible" owner="SeleniumLibrary">
<arg>xpath=//h3</arg>
<arg>timeout=10s</arg>
<doc>Waits until the element ``locator`` is visible.</doc>
<status status="PASS" start="2025-12-23T04:38:49.617251" elapsed="0.739011"/>
</kw>
<status status="PASS" start="2025-12-23T04:38:45.121713" elapsed="5.235443"/>
</kw>
<kw name="Select Item To Detail Page">
<kw name="Set Variable" owner="BuiltIn">
<msg time="2025-12-23T04:38:50.364960" level="INFO">${card_xpath} = xpath=//h3[contains(., 'Ice Espresso')]/ancestor::a</msg>
<var>${card_xpath}</var>
<arg>xpath=//h3[contains(., '${item_name}')]/ancestor::a</arg>
<doc>Returns the given values which can then be assigned to a variables.</doc>
<status status="PASS" start="2025-12-23T04:38:50.364218" elapsed="0.000815"/>
</kw>
<kw name="JS Click Element">
<kw name="Wait Until Page Contains Element" owner="SeleniumLibrary">
<msg time="2025-12-23T04:39:00.760147" level="INFO" html="true">&lt;/td&gt;&lt;/tr&gt;&lt;tr&gt;&lt;td colspan="3"&gt;&lt;a href="selenium-screenshot-189.png"&gt;&lt;img src="selenium-screenshot-189.png" width="800px"&gt;&lt;/a&gt;</msg>
<msg time="2025-12-23T04:39:00.760935" level="FAIL">Element 'xpath=//h3[contains(., 'Ice Espresso')]/ancestor::a' did not appear in 10 seconds.</msg>
<arg>${xpath}</arg>
<arg>timeout=10s</arg>
<doc>Waits until the element ``locator`` appears on the current page.</doc>
<status status="FAIL" start="2025-12-23T04:38:50.365908" elapsed="10.398587">Element 'xpath=//h3[contains(., 'Ice Espresso')]/ancestor::a' did not appear in 10 seconds.</status>
</kw>
<kw name="Get WebElement" owner="SeleniumLibrary">
<var>${element}</var>
<arg>${xpath}</arg>
<doc>Returns the first WebElement matching the given ``locator``.</doc>
<status status="NOT RUN" start="2025-12-23T04:39:00.765155" elapsed="0.000068"/>
</kw>
<kw name="Execute Javascript" owner="SeleniumLibrary">
<arg>arguments[0].scrollIntoView({block: "center"});</arg>
<arg>ARGUMENTS</arg>
<arg>${element}</arg>
<doc>Executes the given JavaScript code with possible arguments.</doc>
<status status="NOT RUN" start="2025-12-23T04:39:00.765313" elapsed="0.000018"/>
</kw>
<kw name="Sleep" owner="BuiltIn">
<arg>0.5s</arg>
<doc>Pauses the test executed for the given time.</doc>
<status status="NOT RUN" start="2025-12-23T04:39:00.765419" elapsed="0.000017"/>
</kw>
<kw name="Execute Javascript" owner="SeleniumLibrary">
<arg>arguments[0].click();</arg>
<arg>ARGUMENTS</arg>
<arg>${element}</arg>
<doc>Executes the given JavaScript code with possible arguments.</doc>
<status status="NOT RUN" start="2025-12-23T04:39:00.765490" elapsed="0.000014"/>
</kw>
<arg>${card_xpath}</arg>
<doc>ท่าไม้ตาย: เลื่อนหา + กดด้วย JavaScript (ทะลุทุกสิ่งกีดขวาง)</doc>
<status status="FAIL" start="2025-12-23T04:38:50.365457" elapsed="10.400190">Element 'xpath=//h3[contains(., 'Ice Espresso')]/ancestor::a' did not appear in 10 seconds.</status>
</kw>
<kw name="Wait Until Location Contains" owner="SeleniumLibrary">
<arg>menuDetail</arg>
<arg>timeout=5s</arg>
<doc>Waits until the current URL contains ``expected``.</doc>
<status status="NOT RUN" start="2025-12-23T04:39:00.765728" elapsed="0.000017"/>
</kw>
<arg>${ITEM_ESPRESSO}</arg>
<doc>คลิกที่การ์ดสินค้าเพื่อเข้าหน้า Detail</doc>
<status status="FAIL" start="2025-12-23T04:38:50.358948" elapsed="10.406851">Element 'xpath=//h3[contains(., 'Ice Espresso')]/ancestor::a' did not appear in 10 seconds.</status>
</kw>
<kw name="Select Custom Option">
<arg>Less Sweet (50%)</arg>
<doc>เลือก Dropdown โดยค้นหาจาก "บางส่วนของข้อความ" (ไม่ต้องเป๊ะก็เลือกได้)</doc>
<status status="NOT RUN" start="2025-12-23T04:39:00.766288" elapsed="0.000036"/>
</kw>
<kw name="Click Add To Cart Button">
<doc>กดปุ่ม Add แล้วรอให้เด้งไปหน้า Basket</doc>
<status status="NOT RUN" start="2025-12-23T04:39:00.766430" elapsed="0.000019"/>
</kw>
<kw name="Verify Item In Basket With Option">
<arg>${ITEM_ESPRESSO}</arg>
<arg>Less Sweet (50%)</arg>
<doc>เช็คชื่อเมนู และเช็คว่ามี Option ตัวเล็กๆ ห้อยท้ายมาด้วยไหม</doc>
<status status="NOT RUN" start="2025-12-23T04:39:00.766542" elapsed="0.000019"/>
</kw>
<kw name="Close Browser" owner="SeleniumLibrary" type="TEARDOWN">
<doc>Closes the current browser.</doc>
<status status="PASS" start="2025-12-23T04:39:00.767294" elapsed="0.208420"/>
</kw>
<doc>สั่ง Espresso หวานน้อย</doc>
<status status="FAIL" start="2025-12-23T04:38:45.120264" elapsed="15.855616">Element 'xpath=//h3[contains(., 'Ice Espresso')]/ancestor::a' did not appear in 10 seconds.</status>
</test>
<status status="FAIL" start="2025-12-23T04:36:31.675318" elapsed="149.303507"/>
</suite>
<statistics>
<total>
<stat pass="14" fail="4" skip="0">All Tests</stat>
</total>
<tag>
</tag>
<suite>
<stat name="Test" id="s1" pass="14" fail="4" skip="0">Test</stat>
</suite>
</statistics>
<errors>
</errors>
</robot>
