<?xml version="1.0" encoding="UTF-8"?>
<robot generator="Robot 7.3.2 (Python 3.13.5 on darwin)" generated="2026-05-17T14:54:09.384593" rpa="false" schemaversion="5">
<suite id="s1" name="Test" source="/Users/hymorrane/projectDSI122/tests/test.robot">
<test id="s1-t1" name="TC-01: Verify search in 'Coffee' category" line="9">
<kw name="Open Browser To Menu Page" owner="keywords" type="SETUP">
<kw name="Open Browser" owner="SeleniumLibrary">
<msg time="2026-05-17T14:54:09.694977" level="INFO">Opening browser 'chrome' to base url 'http://localhost:3000/menu-page'.</msg>
<arg>${URL_MENU}</arg>
<arg>chrome</arg>
<doc>Opens a new browser instance to the optional ``url``.</doc>
<status status="PASS" start="2026-05-17T14:54:09.694613" elapsed="8.659752"/>
</kw>
<kw name="Maximize Browser Window" owner="SeleniumLibrary">
<doc>Maximizes current browser window.</doc>
<status status="PASS" start="2026-05-17T14:54:18.369549" elapsed="1.003124"/>
</kw>
<kw name="Maximize Browser Window" owner="SeleniumLibrary">
<doc>Maximizes current browser window.</doc>
<status status="PASS" start="2026-05-17T14:54:19.373085" elapsed="0.015702"/>
</kw>
<kw name="Wait Until Element Is Visible" owner="SeleniumLibrary">
<arg>xpath=//input[@placeholder='Search menu']</arg>
<arg>timeout=10s</arg>
<doc>Waits until the element ``locator`` is visible.</doc>
<status status="PASS" start="2026-05-17T14:54:19.389085" elapsed="0.586820"/>
</kw>
<kw name="Wait Until Element Is Visible" owner="SeleniumLibrary">
<msg time="2026-05-17T14:54:30.318102" level="INFO" html="true">&lt;/td&gt;&lt;/tr&gt;&lt;tr&gt;&lt;td colspan="3"&gt;&lt;a href="selenium-screenshot-2.png"&gt;&lt;img src="selenium-screenshot-2.png" width="800px"&gt;&lt;/a&gt;</msg>
<msg time="2026-05-17T14:54:30.320496" level="FAIL">Element 'xpath=//h3' not visible after 10 seconds.</msg>
<arg>xpath=//h3</arg>
<arg>timeout=10s</arg>
<doc>Waits until the element ``locator`` is visible.</doc>
<status status="FAIL" start="2026-05-17T14:54:19.977039" elapsed="10.353645">Element 'xpath=//h3' not visible after 10 seconds.</status>
</kw>
<status status="FAIL" start="2026-05-17T14:54:09.693743" elapsed="20.637669">Element 'xpath=//h3' not visible after 10 seconds.</status>
</kw>
<kw name="Close Browser" owner="SeleniumLibrary" type="TEARDOWN">
<doc>Closes the current browser.</doc>
<status status="PASS" start="2026-05-17T14:54:30.332803" elapsed="0.237443"/>
</kw>
<status status="FAIL" start="2026-05-17T14:54:09.692803" elapsed="20.878180">Setup failed:
Element 'xpath=//h3' not visible after 10 seconds.</status>
</test>
<test id="s1-t2" name="TC-02: Verify User click in 'Coffee' category with side menu" line="11">
<kw name="Open Browser To Menu Page" owner="keywords" type="SETUP">
<kw name="Open Browser" owner="SeleniumLibrary">
<msg time="2026-05-17T14:54:30.575639" level="INFO">Opening browser 'chrome' to base url 'http://localhost:3000/menu-page'.</msg>
<arg>${URL_MENU}</arg>
<arg>chrome</arg>
<doc>Opens a new browser instance to the optional ``url``.</doc>
<status status="PASS" start="2026-05-17T14:54:30.573933" elapsed="9.518903"/>
</kw>
<kw name="Maximize Browser Window" owner="SeleniumLibrary">
<doc>Maximizes current browser window.</doc>
<status status="PASS" start="2026-05-17T14:54:40.127365" elapsed="0.554734"/>
</kw>
<kw name="Maximize Browser Window" owner="SeleniumLibrary">
<doc>Maximizes current browser window.</doc>
<status status="PASS" start="2026-05-17T14:54:40.682504" elapsed="0.325984"/>
</kw>
<kw name="Wait Until Element Is Visible" owner="SeleniumLibrary">
<arg>xpath=//input[@placeholder='Search menu']</arg>
<arg>timeout=10s</arg>
<doc>Waits until the element ``locator`` is visible.</doc>
<status status="PASS" start="2026-05-17T14:54:41.009796" elapsed="0.120732"/>
</kw>
<kw name="Wait Until Element Is Visible" owner="SeleniumLibrary">
<msg time="2026-05-17T14:54:51.520577" level="INFO" html="true">&lt;/td&gt;&lt;/tr&gt;&lt;tr&gt;&lt;td colspan="3"&gt;&lt;a href="selenium-screenshot-3.png"&gt;&lt;img src="selenium-screenshot-3.png" width="800px"&gt;&lt;/a&gt;</msg>
<msg time="2026-05-17T14:54:51.524700" level="FAIL">Element 'xpath=//h3' not visible after 10 seconds.</msg>
<arg>xpath=//h3</arg>
<arg>timeout=10s</arg>
<doc>Waits until the element ``locator`` is visible.</doc>
<status status="FAIL" start="2026-05-17T14:54:41.130783" elapsed="10.403996">Element 'xpath=//h3' not visible after 10 seconds.</status>
</kw>
<status status="FAIL" start="2026-05-17T14:54:30.573227" elapsed="20.963199">Element 'xpath=//h3' not visible after 10 seconds.</status>
</kw>
<kw name="Close Browser" owner="SeleniumLibrary" type="TEARDOWN">
<doc>Closes the current browser.</doc>
<status status="PASS" start="2026-05-17T14:54:51.538760" elapsed="0.251212"/>
</kw>
<status status="FAIL" start="2026-05-17T14:54:30.571846" elapsed="21.219107">Setup failed:
Element 'xpath=//h3' not visible after 10 seconds.</status>
</test>
<test id="s1-t3" name="TC-03: User can click add coffee menu" line="13">
<kw name="Open Browser To Menu Page" owner="keywords" type="SETUP">
<kw name="Open Browser" owner="SeleniumLibrary">
<msg time="2026-05-17T14:54:51.808445" level="INFO">Opening browser 'chrome' to base url 'http://localhost:3000/menu-page'.</msg>
<arg>${URL_MENU}</arg>
<arg>chrome</arg>
<doc>Opens a new browser instance to the optional ``url``.</doc>
<status status="PASS" start="2026-05-17T14:54:51.801450" elapsed="7.775466"/>
</kw>
<kw name="Maximize Browser Window" owner="SeleniumLibrary">
<doc>Maximizes current browser window.</doc>
<status status="PASS" start="2026-05-17T14:54:59.608944" elapsed="1.278925"/>
</kw>
<kw name="Maximize Browser Window" owner="SeleniumLibrary">
<doc>Maximizes current browser window.</doc>
<status status="PASS" start="2026-05-17T14:55:00.902891" elapsed="0.090872"/>
</kw>
<kw name="Wait Until Element Is Visible" owner="SeleniumLibrary">
<arg>xpath=//input[@placeholder='Search menu']</arg>
<arg>timeout=10s</arg>
<doc>Waits until the element ``locator`` is visible.</doc>
<status status="PASS" start="2026-05-17T14:55:00.995897" elapsed="0.621142"/>
</kw>
<kw name="Wait Until Element Is Visible" owner="SeleniumLibrary">
<msg time="2026-05-17T14:55:08.082668" level="WARN">Keyword 'Capture Page Screenshot' could not be run on failure: Message: no such window: target window already closed
from unknown error: web view not found
  (Session info: chrome=148.0.7778.168)
Stacktrace:
0   chromedriver                        0x00000001052be584 cxxbridge1$str$ptr + 3225716
1   chromedriver                        0x00000001052b645c cxxbridge1$str$ptr + 3192652
2   chromedriver                        0x0000000104d778f4 _RNvCsiKAbIcglKMQ_7___rustc35___rust_no_alloc_shim_is_unstable_v2 + 75152
3   chromedriver                        0x0000000104d50354 chromedriver + 164692
4   chromedriver                        0x0000000104de8224 _RNvCsiKAbIcglKMQ_7___rustc35___rust_no_alloc_shim_is_unstable_v2 + 536256
5   chromedriver                        0x0000000104dff214 _RNvCsiKAbIcglKMQ_7___rustc35___rust_no_alloc_shim_is_unstable_v2 + 630448
6   chromedriver                        0x0000000104db59a4 _RNvCsiKAbIcglKMQ_7___rustc35___rust_no_alloc_shim_is_unstable_v2 + 329280
7   chromedriver                        0x000000010527b748 cxxbridge1$str$ptr + 2951736
8   chromedriver                        0x000000010527eea0 cxxbridge1$str$ptr + 2965904
9   chromedriver                        0x0000000105260ad8 cxxbridge1$str$ptr + 2842056
10  chromedriver                        0x000000010527f720 cxxbridge1$str$ptr + 2968080
11  chromedriver                        0x00000001052515c8 cxxbridge1$str$ptr + 2779320
12  chromedriver                        0x00000001052a4dec cxxbridge1$str$ptr + 3121372
13  chromedriver                        0x00000001052a4f4c cxxbridge1$str$ptr + 3121724
14  chromedriver                        0x00000001052b60b4 cxxbridge1$str$ptr + 3191716
15  libsystem_pthread.dylib             0x000000018c7d3bc8 _pthread_start + 136
16  libsystem_pthread.dylib             0x000000018c7ceb80 thread_start + 8
</msg>
<msg time="2026-05-17T14:55:08.088274" level="FAIL">NoSuchWindowException: Message: no such window: target window already closed
from unknown error: web view not found
  (Session info: chrome=148.0.7778.168)
Stacktrace:
0   chromedriver                        0x00000001052be584 cxxbridge1$str$ptr + 3225716
1   chromedriver                        0x00000001052b645c cxxbridge1$str$ptr + 3192652
2   chromedriver                        0x0000000104d778f4 _RNvCsiKAbIcglKMQ_7___rustc35___rust_no_alloc_shim_is_unstable_v2 + 75152
3   chromedriver                        0x0000000104d50354 chromedriver + 164692
4   chromedriver                        0x0000000104de8224 _RNvCsiKAbIcglKMQ_7___rustc35___rust_no_alloc_shim_is_unstable_v2 + 536256
5   chromedriver                        0x0000000104dff214 _RNvCsiKAbIcglKMQ_7___rustc35___rust_no_alloc_shim_is_unstable_v2 + 630448
6   chromedriver                        0x0000000104db59a4 _RNvCsiKAbIcglKMQ_7___rustc35___rust_no_alloc_shim_is_unstable_v2 + 329280
7   chromedriver                        0x000000010527b748 cxxbridge1$str$ptr + 2951736
8   chromedriver                        0x000000010527eea0 cxxbridge1$str$ptr + 2965904
9   chromedriver                        0x0000000105260ad8 cxxbridge1$str$ptr + 2842056
10  chromedriver                        0x000000010527f720 cxxbridge1$str$ptr + 2968080
11  chromedriver                        0x00000001052515c8 cxxbridge1$str$ptr + 2779320
12  chromedriver                        0x00000001052a4dec cxxbridge1$str$ptr + 3121372
13  chromedriver                        0x00000001052a4f4c cxxbridge1$str$ptr + 3121724
14  chromedriver                        0x00000001052b60b4 cxxbridge1$str$ptr + 3191716
15  libsystem_pthread.dylib             0x000000018c7d3bc8 _pthread_start + 136
16  libsystem_pthread.dylib             0x000000018c7ceb80 thread_start + 8
</msg>
<arg>xpath=//h3</arg>
<arg>timeout=10s</arg>
<doc>Waits until the element ``locator`` is visible.</doc>
<status status="FAIL" start="2026-05-17T14:55:01.618138" elapsed="6.491265">NoSuchWindowException: Message: no such window: target window already closed
from unknown error: web view not found
  (Session info: chrome=148.0.7778.168)
Stacktrace:
0   chromedriver                        0x00000001052be584 cxxbridge1$str$ptr + 3225716
1   chromedriver                        0x00000001052b645c cxxbridge1$str$ptr + 3192652
2   chromedriver                        0x0000000104d778f4 _RNvCsiKAbIcglKMQ_7___rustc35___rust_no_alloc_shim_is_unstable_v2 + 75152
3   chromedriver                        0x0000000104d50354 chromedriver + 164692
4   chromedriver                        0x0000000104de8224 _RNvCsiKAbIcglKMQ_7___rustc35___rust_no_alloc_shim_is_unstable_v2 + 536256
5   chromedriver                        0x0000000104dff214 _RNvCsiKAbIcglKMQ_7___rustc35___rust_no_alloc_shim_is_unstable_v2 + 630448
6   chromedriver                        0x0000000104db59a4 _RNvCsiKAbIcglKMQ_7___rustc35___rust_no_alloc_shim_is_unstable_v2 + 329280
7   chromedriver                        0x000000010527b748 cxxbridge1$str$ptr + 2951736
8   chromedriver                        0x000000010527eea0 cxxbridge1$str$ptr + 2965904
9   chromedriver                        0x0000000105260ad8 cxxbridge1$str$ptr + 2842056
10  chromedriver                        0x000000010527f720 cxxbridge1$str$ptr + 2968080
11  chromedriver                        0x00000001052515c8 cxxbridge1$str$ptr + 2779320
12  chromedriver                        0x00000001052a4dec cxxbridge1$str$ptr + 3121372
13  chromedriver                        0x00000001052a4f4c cxxbridge1$str$ptr + 3121724
14  chromedriver                        0x00000001052b60b4 cxxbridge1$str$ptr + 3191716
15  libsystem_pthread.dylib             0x000000018c7d3bc8 _pthread_start + 136
16  libsystem_pthread.dylib             0x000000018c7ceb80 thread_start + 8
</status>
</kw>
<status status="FAIL" start="2026-05-17T14:54:51.800499" elapsed="16.309732">NoSuchWindowException: Message: no such window: target window already closed
from unknown error: web view not found
  (Session info: chrome=148.0.7778.168)
Stacktrace:
0   chromedriver                        0x00000001052be584 cxxbridge1$str$ptr + 3225716
1   chromedriver                        0x00000001052b645c cxxbridge1$str$ptr + 3192652
2   chromedriver                        0x0000000104d778f4 _RNvCsiKAbIcglKMQ_7___rustc35___rust_no_alloc_shim_is_unstable_v2 + 75152
3   chromedriver                        0x0000000104d50354 chromedriver + 164692
4   chromedriver                        0x0000000104de8224 _RNvCsiKAbIcglKMQ_7___rustc35___rust_no_alloc_shim_is_unstable_v2 + 536256
5   chromedriver                        0x0000000104dff214 _RNvCsiKAbIcglKMQ_7___rustc35___rust_no_alloc_shim_is_unstable_v2 + 630448
6   chromedriver                        0x0000000104db59a4 _RNvCsiKAbIcglKMQ_7___rustc35___rust_no_alloc_shim_is_unstable_v2 + 329280
7   chromedriver                        0x000000010527b748 cxxbridge1$str$ptr + 2951736
8   chromedriver                        0x000000010527eea0 cxxbridge1$str$ptr + 2965904
9   chromedriver                        0x0000000105260ad8 cxxbridge1$str$ptr + 2842056
10  chromedriver                        0x000000010527f720 cxxbridge1$str$ptr + 2968080
11  chromedriver                        0x00000001052515c8 cxxbridge1$str$ptr + 2779320
12  chromedriver                        0x00000001052a4dec cxxbridge1$str$ptr + 3121372
13  chromedriver                        0x00000001052a4f4c cxxbridge1$str$ptr + 3121724
14  chromedriver                        0x00000001052b60b4 cxxbridge1$str$ptr + 3191716
15  libsystem_pthread.dylib             0x000000018c7d3bc8 _pthread_start + 136
16  libsystem_pthread.dylib             0x000000018c7ceb80 thread_start + 8
</status>
</kw>
<kw name="Close Browser" owner="SeleniumLibrary" type="TEARDOWN">
<doc>Closes the current browser.</doc>
<status status="PASS" start="2026-05-17T14:55:08.111075" elapsed="0.135478"/>
</kw>
<status status="FAIL" start="2026-05-17T14:54:51.795187" elapsed="16.451727">Setup failed:
NoSuchWindowException: Message: no such window: target window already closed
from unknown error: web view not found
  (Session info: chrome=148.0.7778.168)
Stacktrace:
0   chromedriver                        0x00000001052be584 cxxbridge1$str$ptr + 3225716
1   chromedriver                        0x00000001052b645c cxxbridge1$str$ptr + 3192652
2   chromedriver                        0x0000000104d778f4 _RNvCsiKAbIcglKMQ_7___rustc35___rust_no_alloc_shim_is_unstable_v2 + 75152
3   chromedriver                        0x0000000104d50354 chromedriver + 164692
4   chromedriver                        0x0000000104de8224 _RNvCsiKAbIcglKMQ_7___rustc35___rust_no_alloc_shim_is_unstable_v2 + 536256
5   chromedriver                        0x0000000104dff214 _RNvCsiKAbIcglKMQ_7___rustc35___rust_no_alloc_shim_is_unstable_v2 + 630448
6   chromedriver                        0x0000000104db59a4 _RNvCsiKAbIcglKMQ_7___rustc35___rust_no_alloc_shim_is_unstable_v2 + 329280
7   chromedriver                        0x000000010527b748 cxxbridge1$str$ptr + 2951736
8   chromedriver                        0x000000010527eea0 cxxbridge1$str$ptr + 2965904
9   chromedriver                        0x0000000105260ad8 cxxbridge1$str$ptr + 2842056
10  chromedriver                        0x000000010527f720 cxxbridge1$str$ptr + 2968080
11  chromedriver                        0x00000001052515c8 cxxbridge1$str$ptr + 2779320
12  chromedriver                        0x00000001052a4dec cxxbridge1$str$ptr + 3121372
13  chromedriver                        0x00000001052a4f4c cxxbridge1$str$ptr + 3121724
14  chromedriver                        0x00000001052b60b4 cxxbridge1$str$ptr + 3191716
15  libsystem_pthread.dylib             0x000000018c7d3bc8 _pthread_start + 136
16  libsystem_pthread.dylib             0x000000018c7ceb80 thread_start + 8
</status>
</test>
<test id="s1-t4" name="TC-04: Verify search in 'Tea' category" line="15">
<kw name="Open Browser To Menu Page" owner="keywords" type="SETUP">
<kw name="Open Browser" owner="SeleniumLibrary">
<msg time="2026-05-17T14:55:08.256209" level="INFO">Opening browser 'chrome' to base url 'http://localhost:3000/menu-page'.</msg>
<msg time="2026-05-17T14:55:09.927315" level="INFO">Cannot capture screenshot because no browser is open.</msg>
<msg time="2026-05-17T14:55:09.928841" level="FAIL">NoSuchDriverException: Message: Unable to obtain driver for chrome; For documentation on this error, please visit: https://www.selenium.dev/documentation/webdriver/troubleshooting/errors/driver_location
</msg>
<arg>${URL_MENU}</arg>
<arg>chrome</arg>
<doc>Opens a new browser instance to the optional ``url``.</doc>
<status status="FAIL" start="2026-05-17T14:55:08.255418" elapsed="1.693634">NoSuchDriverException: Message: Unable to obtain driver for chrome; For documentation on this error, please visit: https://www.selenium.dev/documentation/webdriver/troubleshooting/errors/driver_location
</status>
</kw>
<kw name="Maximize Browser Window" owner="SeleniumLibrary">
<doc>Maximizes current browser window.</doc>
<status status="NOT RUN" start="2026-05-17T14:55:09.951007" elapsed="0.000115"/>
</kw>
<kw name="Maximize Browser Window" owner="SeleniumLibrary">
<doc>Maximizes current browser window.</doc>
<status status="NOT RUN" start="2026-05-17T14:55:09.951339" elapsed="0.000082"/>
</kw>
<kw name="Wait Until Element Is Visible" owner="SeleniumLibrary">
<arg>xpath=//input[@placeholder='Search menu']</arg>
<arg>timeout=10s</arg>
<doc>Waits until the element ``locator`` is visible.</doc>
<status status="NOT RUN" start="2026-05-17T14:55:09.951622" elapsed="0.000036"/>
</kw>
<kw name="Wait Until Element Is Visible" owner="SeleniumLibrary">
<arg>xpath=//h3</arg>
<arg>timeout=10s</arg>
<doc>Waits until the element ``locator`` is visible.</doc>
<status status="NOT RUN" start="2026-05-17T14:55:09.951788" elapsed="0.000047"/>
</kw>
<status status="FAIL" start="2026-05-17T14:55:08.254405" elapsed="1.698818">NoSuchDriverException: Message: Unable to obtain driver for chrome; For documentation on this error, please visit: https://www.selenium.dev/documentation/webdriver/troubleshooting/errors/driver_location
</status>
</kw>
<kw name="Close Browser" owner="SeleniumLibrary" type="TEARDOWN">
<doc>Closes the current browser.</doc>
<status status="PASS" start="2026-05-17T14:55:09.959155" elapsed="0.002365"/>
</kw>
<status status="FAIL" start="2026-05-17T14:55:08.253006" elapsed="1.708763">Setup failed:
NoSuchDriverException: Message: Unable to obtain driver for chrome; For documentation on this error, please visit: https://www.selenium.dev/documentation/webdriver/troubleshooting/errors/driver_location
</status>
</test>
<test id="s1-t5" name="TC-05: Verify User click in 'Tea' category with side menu" line="17">
<kw name="Open Browser To Menu Page" owner="keywords" type="SETUP">
<kw name="Open Browser" owner="SeleniumLibrary">
<arg>${URL_MENU}</arg>
<arg>chrome</arg>
<doc>Opens a new browser instance to the optional ``url``.</doc>
<status status="FAIL" start="2026-05-17T14:55:09.964293" elapsed="0.000371">Execution terminated by signal</status>
</kw>
<kw name="Maximize Browser Window" owner="SeleniumLibrary">
<doc>Maximizes current browser window.</doc>
<status status="NOT RUN" start="2026-05-17T14:55:09.964812" elapsed="0.000029"/>
</kw>
<kw name="Maximize Browser Window" owner="SeleniumLibrary">
<doc>Maximizes current browser window.</doc>
<status status="NOT RUN" start="2026-05-17T14:55:09.964922" elapsed="0.000023"/>
</kw>
<kw name="Wait Until Element Is Visible" owner="SeleniumLibrary">
<arg>xpath=//input[@placeholder='Search menu']</arg>
<arg>timeout=10s</arg>
<doc>Waits until the element ``locator`` is visible.</doc>
<status status="NOT RUN" start="2026-05-17T14:55:09.965031" elapsed="0.000024"/>
</kw>
<kw name="Wait Until Element Is Visible" owner="SeleniumLibrary">
<arg>xpath=//h3</arg>
<arg>timeout=10s</arg>
<doc>Waits until the element ``locator`` is visible.</doc>
<status status="NOT RUN" start="2026-05-17T14:55:09.965129" elapsed="0.000019"/>
</kw>
<status status="FAIL" start="2026-05-17T14:55:09.963602" elapsed="0.001637">Execution terminated by signal</status>
</kw>
<kw name="Close Browser" owner="SeleniumLibrary" type="TEARDOWN">
<doc>Closes the current browser.</doc>
<status status="PASS" start="2026-05-17T14:55:09.965471" elapsed="0.000121"/>
</kw>
<status status="FAIL" start="2026-05-17T14:55:09.962762" elapsed="0.002897">Setup failed:
Execution terminated by signal</status>
</test>
<test id="s1-t6" name="TC-06: User can click add menu in 'Tea' category" line="19">
<tag>robot:exit</tag>
<status status="FAIL" start="2026-05-17T14:55:09.965873" elapsed="0.000407">Test execution stopped due to a fatal error.</status>
</test>
<test id="s1-t7" name="TC-07: Verify search in 'Milk' category" line="21">
<tag>robot:exit</tag>
<status status="FAIL" start="2026-05-17T14:55:09.966443" elapsed="0.000657">Test execution stopped due to a fatal error.</status>
</test>
<test id="s1-t8" name="TC-08: Verify User click in 'Milk' category with side menu" line="23">
<tag>robot:exit</tag>
<status status="FAIL" start="2026-05-17T14:55:09.967641" elapsed="0.002282">Test execution stopped due to a fatal error.</status>
</test>
<test id="s1-t9" name="TC-09: User can click add menu in 'Milk' category" line="25">
<tag>robot:exit</tag>
<status status="FAIL" start="2026-05-17T14:55:09.970624" elapsed="0.000777">Test execution stopped due to a fatal error.</status>
</test>
<test id="s1-t10" name="TC-10: Verify search in 'Dessert' category" line="27">
<tag>robot:exit</tag>
<status status="FAIL" start="2026-05-17T14:55:09.971690" elapsed="0.000960">Test execution stopped due to a fatal error.</status>
</test>
<test id="s1-t11" name="TC-11: Verify User click in 'Dessert' category with side menu" line="29">
<tag>robot:exit</tag>
<status status="FAIL" start="2026-05-17T14:55:09.972942" elapsed="0.002062">Test execution stopped due to a fatal error.</status>
</test>
<test id="s1-t12" name="TC-12: User can click add menu in 'Dessert' and go to Basket" line="31">
<tag>robot:exit</tag>
<status status="FAIL" start="2026-05-17T14:55:09.975485" elapsed="0.000469">Test execution stopped due to a fatal error.</status>
</test>
<test id="s1-t13" name="TC-13: Verify search in 'Other' category" line="33">
<tag>robot:exit</tag>
<status status="FAIL" start="2026-05-17T14:55:09.976185" elapsed="0.000538">Test execution stopped due to a fatal error.</status>
</test>
<test id="s1-t14" name="TC-14: Verify User click in 'Other' category with side menu" line="35">
<tag>robot:exit</tag>
<status status="FAIL" start="2026-05-17T14:55:09.978583" elapsed="0.001511">Test execution stopped due to a fatal error.</status>
</test>
<test id="s1-t15" name="TC-15: User can click add menu in 'Other' and go to Basket" line="37">
<tag>robot:exit</tag>
<status status="FAIL" start="2026-05-17T14:55:09.980768" elapsed="0.000712">Test execution stopped due to a fatal error.</status>
</test>
<test id="s1-t16" name="TC-16: Order Americano with 0% Sweetness" line="39">
<doc>สั่งกาแฟแบบไม่หวานเลย แล้วเช็คในตะกร้า</doc>
<tag>robot:exit</tag>
<status status="FAIL" start="2026-05-17T14:55:09.988665" elapsed="0.006473">Test execution stopped due to a fatal error.</status>
</test>
<test id="s1-t17" name="TC-17: Order Latte with Extra Shot and Vanilla Syrup" line="46">
<tag>robot:exit</tag>
<status status="FAIL" start="2026-05-17T14:55:10.005042" elapsed="0.000803">Test execution stopped due to a fatal error.</status>
</test>
<status status="FAIL" start="2026-05-17T14:54:09.385659" elapsed="60.630229"/>
</suite>
<statistics>
<total>
<stat pass="0" fail="17" skip="0">All Tests</stat>
</total>
<tag>
<stat info="combined" combined="NOT robot:exit" pass="0" fail="5" skip="0">NOT robot:exit</stat>
</tag>
<suite>
<stat name="Test" id="s1" pass="0" fail="17" skip="0">Test</stat>
</suite>
</statistics>
<errors>
<msg time="2026-05-17T14:55:08.082668" level="WARN">Keyword 'Capture Page Screenshot' could not be run on failure: Message: no such window: target window already closed
from unknown error: web view not found
  (Session info: chrome=148.0.7778.168)
Stacktrace:
0   chromedriver                        0x00000001052be584 cxxbridge1$str$ptr + 3225716
1   chromedriver                        0x00000001052b645c cxxbridge1$str$ptr + 3192652
2   chromedriver                        0x0000000104d778f4 _RNvCsiKAbIcglKMQ_7___rustc35___rust_no_alloc_shim_is_unstable_v2 + 75152
3   chromedriver                        0x0000000104d50354 chromedriver + 164692
4   chromedriver                        0x0000000104de8224 _RNvCsiKAbIcglKMQ_7___rustc35___rust_no_alloc_shim_is_unstable_v2 + 536256
5   chromedriver                        0x0000000104dff214 _RNvCsiKAbIcglKMQ_7___rustc35___rust_no_alloc_shim_is_unstable_v2 + 630448
6   chromedriver                        0x0000000104db59a4 _RNvCsiKAbIcglKMQ_7___rustc35___rust_no_alloc_shim_is_unstable_v2 + 329280
7   chromedriver                        0x000000010527b748 cxxbridge1$str$ptr + 2951736
8   chromedriver                        0x000000010527eea0 cxxbridge1$str$ptr + 2965904
9   chromedriver                        0x0000000105260ad8 cxxbridge1$str$ptr + 2842056
10  chromedriver                        0x000000010527f720 cxxbridge1$str$ptr + 2968080
11  chromedriver                        0x00000001052515c8 cxxbridge1$str$ptr + 2779320
12  chromedriver                        0x00000001052a4dec cxxbridge1$str$ptr + 3121372
13  chromedriver                        0x00000001052a4f4c cxxbridge1$str$ptr + 3121724
14  chromedriver                        0x00000001052b60b4 cxxbridge1$str$ptr + 3191716
15  libsystem_pthread.dylib             0x000000018c7d3bc8 _pthread_start + 136
16  libsystem_pthread.dylib             0x000000018c7ceb80 thread_start + 8
</msg>
</errors>
</robot>
