<?xml version="1.0" encoding="UTF-8"?>
<robot generator="Robot 7.3.2 (Python 3.13.5 on darwin)" generated="2025-12-20T13:21:26.351714" rpa="false" schemaversion="5">
<suite id="s1" name="Test" source="/Users/hymorrane/projectDSI122/tests/test.robot">
<test id="s1-t1" name="Test Search And Order Flow" line="11">
<kw name="Open Browser To Menu Page">
<kw name="Sleep" owner="BuiltIn">
<msg time="2025-12-20T13:21:31.532988" level="INFO">Slept 5 seconds.</msg>
<arg>5s</arg>
<doc>Pauses the test executed for the given time.</doc>
<status status="PASS" start="2025-12-20T13:21:26.530527" elapsed="5.004756"/>
</kw>
<kw name="Open Browser" owner="SeleniumLibrary">
<msg time="2025-12-20T13:21:31.545198" level="INFO">Opening browser 'chrome' to base url 'http://localhost:3000/menu-page'.</msg>
<arg>${URL_MENU}</arg>
<arg>${BROWSER}</arg>
<doc>Opens a new browser instance to the optional ``url``.</doc>
<status status="PASS" start="2025-12-20T13:21:31.543425" elapsed="3.172564"/>
</kw>
<kw name="Maximize Browser Window" owner="SeleniumLibrary">
<doc>Maximizes current browser window.</doc>
<status status="PASS" start="2025-12-20T13:21:34.717189" elapsed="0.353900"/>
</kw>
<kw name="Wait Until Element Is Visible" owner="SeleniumLibrary">
<arg>xpath=//input[@placeholder='Search menu']</arg>
<arg>timeout=10s</arg>
<doc>Waits until the element ``locator`` is visible.</doc>
<status status="PASS" start="2025-12-20T13:21:35.071495" elapsed="0.132163"/>
</kw>
<status status="PASS" start="2025-12-20T13:21:26.529915" elapsed="8.674318"/>
</kw>
<kw name="Search For Menu Item">
<kw name="Input Text" owner="SeleniumLibrary">
<msg time="2025-12-20T13:21:35.208925" level="INFO">Typing text 'Americano' into text field 'xpath=//input[@placeholder='Search menu']'.</msg>
<arg>xpath=//input[@placeholder='Search menu']</arg>
<arg>${menu_name}</arg>
<doc>Types the given ``text`` into the text field identified by ``locator``.</doc>
<status status="PASS" start="2025-12-20T13:21:35.207844" elapsed="0.524750"/>
</kw>
<kw name="Sleep" owner="BuiltIn">
<msg time="2025-12-20T13:21:40.736942" level="INFO">Slept 5 seconds.</msg>
<arg>5s</arg>
<doc>Pauses the test executed for the given time.</doc>
<status status="PASS" start="2025-12-20T13:21:35.733672" elapsed="5.003478"/>
</kw>
<kw name="Wait Until Element Is Visible" owner="SeleniumLibrary">
<arg>xpath=//h3[contains(text(), '${menu_name}')]</arg>
<doc>Waits until the element ``locator`` is visible.</doc>
<status status="PASS" start="2025-12-20T13:21:40.737438" elapsed="0.025146"/>
</kw>
<arg>${TARGET_MENU}</arg>
<status status="PASS" start="2025-12-20T13:21:35.205267" elapsed="5.557526"/>
</kw>
<kw name="Select Menu Item">
<kw name="Click Element" owner="SeleniumLibrary">
<msg time="2025-12-20T13:21:40.763940" level="INFO">Clicking element 'xpath=//h3[contains(text(), 'Americano')]'.</msg>
<arg>xpath=//h3[contains(text(), '${menu_name}')]</arg>
<doc>Click the element identified by ``locator``.</doc>
<status status="PASS" start="2025-12-20T13:21:40.763647" elapsed="0.080159"/>
</kw>
<arg>${TARGET_MENU}</arg>
<status status="PASS" start="2025-12-20T13:21:40.763220" elapsed="0.080823"/>
</kw>
<kw name="Verify Detail Page Loaded">
<kw name="Wait Until Location Contains" owner="SeleniumLibrary">
<arg>menuDetail</arg>
<arg>timeout=10s</arg>
<doc>Waits until the current URL contains ``expected``.</doc>
<status status="PASS" start="2025-12-20T13:21:40.844792" elapsed="0.214974"/>
</kw>
<kw name="Wait Until Element Is Visible" owner="SeleniumLibrary">
<arg>xpath=//h1[contains(@class, 'text-3xl')]</arg>
<doc>Waits until the element ``locator`` is visible.</doc>
<status status="PASS" start="2025-12-20T13:21:41.059968" elapsed="0.435365"/>
</kw>
<status status="PASS" start="2025-12-20T13:21:40.844353" elapsed="0.651086"/>
</kw>
<kw name="Adjust Quantity To">
<kw name="Sleep" owner="BuiltIn">
<msg time="2025-12-20T13:21:44.497731" level="INFO">Slept 3 seconds.</msg>
<arg>3s</arg>
<doc>Pauses the test executed for the given time.</doc>
<status status="PASS" start="2025-12-20T13:21:41.496027" elapsed="3.001964"/>
</kw>
<for flavor="IN RANGE">
<iter>
<kw name="Click Button" owner="SeleniumLibrary">
<msg time="2025-12-20T13:21:44.504615" level="INFO">Clicking button 'xpath=/html/body/div[2]/div/div[2]/div[2]/div[2]/div/button[2]'.</msg>
<msg time="2025-12-20T13:21:45.869960" level="INFO" html="true">&lt;/td&gt;&lt;/tr&gt;&lt;tr&gt;&lt;td colspan="3"&gt;&lt;a href="selenium-screenshot-8.png"&gt;&lt;img src="selenium-screenshot-8.png" width="800px"&gt;&lt;/a&gt;</msg>
<msg time="2025-12-20T13:21:45.870461" level="FAIL">ElementClickInterceptedException: Message: element click intercepted: Element is not clickable at point (1026, 1074)
  (Session info: chrome=143.0.7499.146)
Stacktrace:
0   chromedriver                        0x00000001046acb2c cxxbridge1$str$ptr + 3033596
1   chromedriver                        0x00000001046a4b30 cxxbridge1$str$ptr + 3000832
2   chromedriver                        0x000000010419eb0c _RNvCsgXDX2mvAJAg_7___rustc35___rust_no_alloc_shim_is_unstable_v2 + 74196
3   chromedriver                        0x00000001041eb43c _RNvCsgXDX2mvAJAg_7___rustc35___rust_no_alloc_shim_is_unstable_v2 + 387844
4   chromedriver                        0x00000001041e9a1c _RNvCsgXDX2mvAJAg_7___rustc35___rust_no_alloc_shim_is_unstable_v2 + 381156
5   chromedriver                        0x00000001041e788c _RNvCsgXDX2mvAJAg_7___rustc35___rust_no_alloc_shim_is_unstable_v2 + 372564
6   chromedriver                        0x00000001041e6c9c _RNvCsgXDX2mvAJAg_7___rustc35___rust_no_alloc_shim_is_unstable_v2 + 369508
7   chromedriver                        0x00000001041dbca4 _RNvCsgXDX2mvAJAg_7___rustc35___rust_no_alloc_shim_is_unstable_v2 + 324460
8   chromedriver                        0x00000001041db748 _RNvCsgXDX2mvAJAg_7___rustc35___rust_no_alloc_shim_is_unstable_v2 + 323088
9   chromedriver                        0x0000000104226968 _RNvCsgXDX2mvAJAg_7___rustc35___rust_no_alloc_shim_is_unstable_v2 + 630832
10  chromedriver                        0x00000001041da16c _RNvCsgXDX2mvAJAg_7___rustc35___rust_no_alloc_shim_is_unstable_v2 + 317492
11  chromedriver                        0x0000000104670098 cxxbridge1$str$ptr + 2785128
12  chromedriver                        0x0000000104673804 cxxbridge1$str$ptr + 2799316
13  chromedriver                        0x0000000104650850 cxxbridge1$str$ptr + 2656032
14  chromedriver                        0x0000000104674074 cxxbridge1$str$ptr + 2801476
15  chromedriver                        0x00000001046411cc cxxbridge1$str$ptr + 2592924
16  chromedriver                        0x0000000104693cb4 cxxbridge1$str$ptr + 2931588
17  chromedriver                        0x0000000104693e34 cxxbridge1$str$ptr + 2931972
18  chromedriver                        0x00000001046a4788 cxxbridge1$str$ptr + 2999896
19  libsystem_pthread.dylib             0x000000019c4bac0c _pthread_start + 136
20  libsystem_pthread.dylib             0x000000019c4b5b80 thread_start + 8
</msg>
<arg>xpath=/html/body/div[2]/div/div[2]/div[2]/div[2]/div/button[2]</arg>
<doc>Clicks the button identified by ``locator``.</doc>
<status status="FAIL" start="2025-12-20T13:21:44.504209" elapsed="1.372939">ElementClickInterceptedException: Message: element click intercepted: Element is not clickable at point (1026, 1074)
  (Session info: chrome=143.0.7499.146)
Stacktrace:
0   chromedriver                        0x00000001046acb2c cxxbridge1$str$ptr + 3033596
1   chromedriver                        0x00000001046a4b30 cxxbridge1$str$ptr + 3000832
2   chromedriver                        0x000000010419eb0c _RNvCsgXDX2mvAJAg_7___rustc35___rust_no_alloc_shim_is_unstable_v2 + 74196
3   chromedriver                        0x00000001041eb43c _RNvCsgXDX2mvAJAg_7___rustc35___rust_no_alloc_shim_is_unstable_v2 + 387844
4   chromedriver                        0x00000001041e9a1c _RNvCsgXDX2mvAJAg_7___rustc35___rust_no_alloc_shim_is_unstable_v2 + 381156
5   chromedriver                        0x00000001041e788c _RNvCsgXDX2mvAJAg_7___rustc35___rust_no_alloc_shim_is_unstable_v2 + 372564
6   chromedriver                        0x00000001041e6c9c _RNvCsgXDX2mvAJAg_7___rustc35___rust_no_alloc_shim_is_unstable_v2 + 369508
7   chromedriver                        0x00000001041dbca4 _RNvCsgXDX2mvAJAg_7___rustc35___rust_no_alloc_shim_is_unstable_v2 + 324460
    [ Message content over the limit has been removed. ]
... _RNvCsgXDX2mvAJAg_7___rustc35___rust_no_alloc_shim_is_unstable_v2 + 317492
11  chromedriver                        0x0000000104670098 cxxbridge1$str$ptr + 2785128
12  chromedriver                        0x0000000104673804 cxxbridge1$str$ptr + 2799316
13  chromedriver                        0x0000000104650850 cxxbridge1$str$ptr + 2656032
14  chromedriver                        0x0000000104674074 cxxbridge1$str$ptr + 2801476
15  chromedriver                        0x00000001046411cc cxxbridge1$str$ptr + 2592924
16  chromedriver                        0x0000000104693cb4 cxxbridge1$str$ptr + 2931588
17  chromedriver                        0x0000000104693e34 cxxbridge1$str$ptr + 2931972
18  chromedriver                        0x00000001046a4788 cxxbridge1$str$ptr + 2999896
19  libsystem_pthread.dylib             0x000000019c4bac0c _pthread_start + 136
20  libsystem_pthread.dylib             0x000000019c4b5b80 thread_start + 8</status>
</kw>
<var name="${i}">1</var>
<status status="FAIL" start="2025-12-20T13:21:44.503961" elapsed="1.373424">ElementClickInterceptedException: Message: element click intercepted: Element is not clickable at point (1026, 1074)
  (Session info: chrome=143.0.7499.146)
Stacktrace:
0   chromedriver                        0x00000001046acb2c cxxbridge1$str$ptr + 3033596
1   chromedriver                        0x00000001046a4b30 cxxbridge1$str$ptr + 3000832
2   chromedriver                        0x000000010419eb0c _RNvCsgXDX2mvAJAg_7___rustc35___rust_no_alloc_shim_is_unstable_v2 + 74196
3   chromedriver                        0x00000001041eb43c _RNvCsgXDX2mvAJAg_7___rustc35___rust_no_alloc_shim_is_unstable_v2 + 387844
4   chromedriver                        0x00000001041e9a1c _RNvCsgXDX2mvAJAg_7___rustc35___rust_no_alloc_shim_is_unstable_v2 + 381156
5   chromedriver                        0x00000001041e788c _RNvCsgXDX2mvAJAg_7___rustc35___rust_no_alloc_shim_is_unstable_v2 + 372564
6   chromedriver                        0x00000001041e6c9c _RNvCsgXDX2mvAJAg_7___rustc35___rust_no_alloc_shim_is_unstable_v2 + 369508
7   chromedriver                        0x00000001041dbca4 _RNvCsgXDX2mvAJAg_7___rustc35___rust_no_alloc_shim_is_unstable_v2 + 324460
    [ Message content over the limit has been removed. ]
... _RNvCsgXDX2mvAJAg_7___rustc35___rust_no_alloc_shim_is_unstable_v2 + 317492
11  chromedriver                        0x0000000104670098 cxxbridge1$str$ptr + 2785128
12  chromedriver                        0x0000000104673804 cxxbridge1$str$ptr + 2799316
13  chromedriver                        0x0000000104650850 cxxbridge1$str$ptr + 2656032
14  chromedriver                        0x0000000104674074 cxxbridge1$str$ptr + 2801476
15  chromedriver                        0x00000001046411cc cxxbridge1$str$ptr + 2592924
16  chromedriver                        0x0000000104693cb4 cxxbridge1$str$ptr + 2931588
17  chromedriver                        0x0000000104693e34 cxxbridge1$str$ptr + 2931972
18  chromedriver                        0x00000001046a4788 cxxbridge1$str$ptr + 2999896
19  libsystem_pthread.dylib             0x000000019c4bac0c _pthread_start + 136
20  libsystem_pthread.dylib             0x000000019c4b5b80 thread_start + 8</status>
</iter>
<var>${i}</var>
<value>1</value>
<value>${target_qty}</value>
<status status="FAIL" start="2025-12-20T13:21:44.498357" elapsed="1.379139">ElementClickInterceptedException: Message: element click intercepted: Element is not clickable at point (1026, 1074)
  (Session info: chrome=143.0.7499.146)
Stacktrace:
0   chromedriver                        0x00000001046acb2c cxxbridge1$str$ptr + 3033596
1   chromedriver                        0x00000001046a4b30 cxxbridge1$str$ptr + 3000832
2   chromedriver                        0x000000010419eb0c _RNvCsgXDX2mvAJAg_7___rustc35___rust_no_alloc_shim_is_unstable_v2 + 74196
3   chromedriver                        0x00000001041eb43c _RNvCsgXDX2mvAJAg_7___rustc35___rust_no_alloc_shim_is_unstable_v2 + 387844
4   chromedriver                        0x00000001041e9a1c _RNvCsgXDX2mvAJAg_7___rustc35___rust_no_alloc_shim_is_unstable_v2 + 381156
5   chromedriver                        0x00000001041e788c _RNvCsgXDX2mvAJAg_7___rustc35___rust_no_alloc_shim_is_unstable_v2 + 372564
6   chromedriver                        0x00000001041e6c9c _RNvCsgXDX2mvAJAg_7___rustc35___rust_no_alloc_shim_is_unstable_v2 + 369508
7   chromedriver                        0x00000001041dbca4 _RNvCsgXDX2mvAJAg_7___rustc35___rust_no_alloc_shim_is_unstable_v2 + 324460
    [ Message content over the limit has been removed. ]
... _RNvCsgXDX2mvAJAg_7___rustc35___rust_no_alloc_shim_is_unstable_v2 + 317492
11  chromedriver                        0x0000000104670098 cxxbridge1$str$ptr + 2785128
12  chromedriver                        0x0000000104673804 cxxbridge1$str$ptr + 2799316
13  chromedriver                        0x0000000104650850 cxxbridge1$str$ptr + 2656032
14  chromedriver                        0x0000000104674074 cxxbridge1$str$ptr + 2801476
15  chromedriver                        0x00000001046411cc cxxbridge1$str$ptr + 2592924
16  chromedriver                        0x0000000104693cb4 cxxbridge1$str$ptr + 2931588
17  chromedriver                        0x0000000104693e34 cxxbridge1$str$ptr + 2931972
18  chromedriver                        0x00000001046a4788 cxxbridge1$str$ptr + 2999896
19  libsystem_pthread.dylib             0x000000019c4bac0c _pthread_start + 136
20  libsystem_pthread.dylib             0x000000019c4b5b80 thread_start + 8</status>
</for>
<kw name="Element Should Contain" owner="SeleniumLibrary">
<arg>xpath=//span[contains(@class, 'text-center')]</arg>
<arg>${target_qty}</arg>
<doc>Verifies that element ``locator`` contains text ``expected``.</doc>
<status status="NOT RUN" start="2025-12-20T13:21:45.877688" elapsed="0.000032"/>
</kw>
<arg>3</arg>
<status status="FAIL" start="2025-12-20T13:21:41.495743" elapsed="4.382112">ElementClickInterceptedException: Message: element click intercepted: Element is not clickable at point (1026, 1074)
  (Session info: chrome=143.0.7499.146)
Stacktrace:
0   chromedriver                        0x00000001046acb2c cxxbridge1$str$ptr + 3033596
1   chromedriver                        0x00000001046a4b30 cxxbridge1$str$ptr + 3000832
2   chromedriver                        0x000000010419eb0c _RNvCsgXDX2mvAJAg_7___rustc35___rust_no_alloc_shim_is_unstable_v2 + 74196
3   chromedriver                        0x00000001041eb43c _RNvCsgXDX2mvAJAg_7___rustc35___rust_no_alloc_shim_is_unstable_v2 + 387844
4   chromedriver                        0x00000001041e9a1c _RNvCsgXDX2mvAJAg_7___rustc35___rust_no_alloc_shim_is_unstable_v2 + 381156
5   chromedriver                        0x00000001041e788c _RNvCsgXDX2mvAJAg_7___rustc35___rust_no_alloc_shim_is_unstable_v2 + 372564
6   chromedriver                        0x00000001041e6c9c _RNvCsgXDX2mvAJAg_7___rustc35___rust_no_alloc_shim_is_unstable_v2 + 369508
7   chromedriver                        0x00000001041dbca4 _RNvCsgXDX2mvAJAg_7___rustc35___rust_no_alloc_shim_is_unstable_v2 + 324460
    [ Message content over the limit has been removed. ]
... _RNvCsgXDX2mvAJAg_7___rustc35___rust_no_alloc_shim_is_unstable_v2 + 317492
11  chromedriver                        0x0000000104670098 cxxbridge1$str$ptr + 2785128
12  chromedriver                        0x0000000104673804 cxxbridge1$str$ptr + 2799316
13  chromedriver                        0x0000000104650850 cxxbridge1$str$ptr + 2656032
14  chromedriver                        0x0000000104674074 cxxbridge1$str$ptr + 2801476
15  chromedriver                        0x00000001046411cc cxxbridge1$str$ptr + 2592924
16  chromedriver                        0x0000000104693cb4 cxxbridge1$str$ptr + 2931588
17  chromedriver                        0x0000000104693e34 cxxbridge1$str$ptr + 2931972
18  chromedriver                        0x00000001046a4788 cxxbridge1$str$ptr + 2999896
19  libsystem_pthread.dylib             0x000000019c4bac0c _pthread_start + 136
20  libsystem_pthread.dylib             0x000000019c4b5b80 thread_start + 8</status>
</kw>
<kw name="Input Special Instruction">
<arg>${NOTE_TEXT}</arg>
<status status="NOT RUN" start="2025-12-20T13:21:45.878312" elapsed="0.000044"/>
</kw>
<kw name="Add To Cart">
<status status="NOT RUN" start="2025-12-20T13:21:45.878488" elapsed="0.000024"/>
</kw>
<kw name="Verify Redirect To Basket">
<status status="NOT RUN" start="2025-12-20T13:21:45.878612" elapsed="0.000020"/>
</kw>
<kw name="Close Browser" owner="SeleniumLibrary" type="TEARDOWN">
<doc>Closes the current browser.</doc>
<status status="PASS" start="2025-12-20T13:21:45.879033" elapsed="0.141813"/>
</kw>
<doc>ทดสอบ Flow: ค้นหาเมนู -&gt; เข้าหน้ารายละเอียด -&gt; ปรับจำนวน/Note -&gt; ใส่ตะกร้า -&gt; เช็คว่าไปหน้า Basket</doc>
<status status="FAIL" start="2025-12-20T13:21:26.528038" elapsed="19.493123">ElementClickInterceptedException: Message: element click intercepted: Element is not clickable at point (1026, 1074)
  (Session info: chrome=143.0.7499.146)
Stacktrace:
0   chromedriver                        0x00000001046acb2c cxxbridge1$str$ptr + 3033596
1   chromedriver                        0x00000001046a4b30 cxxbridge1$str$ptr + 3000832
2   chromedriver                        0x000000010419eb0c _RNvCsgXDX2mvAJAg_7___rustc35___rust_no_alloc_shim_is_unstable_v2 + 74196
3   chromedriver                        0x00000001041eb43c _RNvCsgXDX2mvAJAg_7___rustc35___rust_no_alloc_shim_is_unstable_v2 + 387844
4   chromedriver                        0x00000001041e9a1c _RNvCsgXDX2mvAJAg_7___rustc35___rust_no_alloc_shim_is_unstable_v2 + 381156
5   chromedriver                        0x00000001041e788c _RNvCsgXDX2mvAJAg_7___rustc35___rust_no_alloc_shim_is_unstable_v2 + 372564
6   chromedriver                        0x00000001041e6c9c _RNvCsgXDX2mvAJAg_7___rustc35___rust_no_alloc_shim_is_unstable_v2 + 369508
7   chromedriver                        0x00000001041dbca4 _RNvCsgXDX2mvAJAg_7___rustc35___rust_no_alloc_shim_is_unstable_v2 + 324460
    [ Message content over the limit has been removed. ]
... _RNvCsgXDX2mvAJAg_7___rustc35___rust_no_alloc_shim_is_unstable_v2 + 317492
11  chromedriver                        0x0000000104670098 cxxbridge1$str$ptr + 2785128
12  chromedriver                        0x0000000104673804 cxxbridge1$str$ptr + 2799316
13  chromedriver                        0x0000000104650850 cxxbridge1$str$ptr + 2656032
14  chromedriver                        0x0000000104674074 cxxbridge1$str$ptr + 2801476
15  chromedriver                        0x00000001046411cc cxxbridge1$str$ptr + 2592924
16  chromedriver                        0x0000000104693cb4 cxxbridge1$str$ptr + 2931588
17  chromedriver                        0x0000000104693e34 cxxbridge1$str$ptr + 2931972
18  chromedriver                        0x00000001046a4788 cxxbridge1$str$ptr + 2999896
19  libsystem_pthread.dylib             0x000000019c4bac0c _pthread_start + 136
20  libsystem_pthread.dylib             0x000000019c4b5b80 thread_start + 8</status>
</test>
<status status="FAIL" start="2025-12-20T13:21:26.352762" elapsed="19.671708"/>
</suite>
<statistics>
<total>
<stat pass="0" fail="1" skip="0">All Tests</stat>
</total>
<tag>
</tag>
<suite>
<stat name="Test" id="s1" pass="0" fail="1" skip="0">Test</stat>
</suite>
</statistics>
<errors>
</errors>
</robot>
